0 info it worked if it ends with ok
1 verbose cli [ '/usr/bin/nodejs', '/usr/bin/npm', 'install', '-g', 'topojson' ]
2 info using npm@3.5.2
3 info using node@v4.2.6
4 silly loadCurrentTree Starting
5 silly install loadCurrentTree
6 silly install readGlobalPackageData
7 silly fetchPackageMetaData topojson
8 silly fetchNamedPackageData topojson
9 silly mapToRegistry name topojson
10 silly mapToRegistry using default registry
11 silly mapToRegistry registry https://registry.npmjs.org/
12 silly mapToRegistry uri https://registry.npmjs.org/topojson
13 verbose request uri https://registry.npmjs.org/topojson
14 verbose request no auth needed
15 info attempt registry request try #1 at 上午8:55:44
16 verbose request id 25847ae86b4e5116
17 verbose etag W/"584ef71c-1de2c"
18 verbose lastModified Mon, 12 Dec 2016 19:14:36 GMT
19 http request GET https://registry.npmjs.org/topojson
20 http 304 https://registry.npmjs.org/topojson
21 verbose headers { date: 'Fri, 23 Dec 2016 00:55:46 GMT',
21 verbose headers   via: '1.1 varnish',
21 verbose headers   'cache-control': 'max-age=300',
21 verbose headers   etag: 'W/"584ef71c-1de2c"',
21 verbose headers   age: '21',
21 verbose headers   connection: 'keep-alive',
21 verbose headers   'x-served-by': 'cache-nrt6121-NRT',
21 verbose headers   'x-cache': 'HIT',
21 verbose headers   'x-cache-hits': '1',
21 verbose headers   'x-timer': 'S1482454546.714600,VS0,VE0',
21 verbose headers   vary: 'Accept-Encoding' }
22 silly get cb [ 304,
22 silly get   { date: 'Fri, 23 Dec 2016 00:55:46 GMT',
22 silly get     via: '1.1 varnish',
22 silly get     'cache-control': 'max-age=300',
22 silly get     etag: 'W/"584ef71c-1de2c"',
22 silly get     age: '21',
22 silly get     connection: 'keep-alive',
22 silly get     'x-served-by': 'cache-nrt6121-NRT',
22 silly get     'x-cache': 'HIT',
22 silly get     'x-cache-hits': '1',
22 silly get     'x-timer': 'S1482454546.714600,VS0,VE0',
22 silly get     vary: 'Accept-Encoding' } ]
23 verbose etag https://registry.npmjs.org/topojson from cache
24 verbose get saving topojson to /home/josh/.npm/registry.npmjs.org/topojson/.cache.json
25 silly install normalizeTree
26 silly loadCurrentTree Finishing
27 silly loadIdealTree Starting
28 silly install loadIdealTree
29 silly cloneCurrentTree Starting
30 silly install cloneCurrentTreeToIdealTree
31 silly cloneCurrentTree Finishing
32 silly loadShrinkwrap Starting
33 silly install loadShrinkwrap
34 silly loadShrinkwrap Finishing
35 silly loadAllDepsIntoIdealTree Starting
36 silly install loadAllDepsIntoIdealTree
37 silly resolveWithNewModule topojson@2.2.0 checking installable status
38 silly cache add args [ 'topojson', null ]
39 verbose cache add spec topojson
40 silly cache add parsed spec Result {
40 silly cache add   raw: 'topojson',
40 silly cache add   scope: null,
40 silly cache add   name: 'topojson',
40 silly cache add   rawSpec: '',
40 silly cache add   spec: 'latest',
40 silly cache add   type: 'tag' }
41 silly addNamed topojson@latest
42 verbose addNamed "latest" is being treated as a dist-tag for topojson
43 info addNameTag [ 'topojson', 'latest' ]
44 silly mapToRegistry name topojson
45 silly mapToRegistry using default registry
46 silly mapToRegistry registry https://registry.npmjs.org/
47 silly mapToRegistry uri https://registry.npmjs.org/topojson
48 verbose addNameTag registry:https://registry.npmjs.org/topojson not in flight; fetching
49 verbose get https://registry.npmjs.org/topojson not expired, no request
50 silly addNameTag next cb for topojson with tag latest
51 silly addNamed topojson@2.2.0
52 verbose addNamed "2.2.0" is a plain semver version for topojson
53 silly cache afterAdd topojson@2.2.0
54 verbose afterAdd /home/josh/.npm/topojson/2.2.0/package/package.json not in flight; writing
55 verbose afterAdd /home/josh/.npm/topojson/2.2.0/package/package.json written
56 silly fetchNamedPackageData topojson-client
57 silly mapToRegistry name topojson-client
58 silly mapToRegistry using default registry
59 silly mapToRegistry registry https://registry.npmjs.org/
60 silly mapToRegistry uri https://registry.npmjs.org/topojson-client
61 silly fetchNamedPackageData topojson-server
62 silly mapToRegistry name topojson-server
63 silly mapToRegistry using default registry
64 silly mapToRegistry registry https://registry.npmjs.org/
65 silly mapToRegistry uri https://registry.npmjs.org/topojson-server
66 silly fetchNamedPackageData topojson-simplify
67 silly mapToRegistry name topojson-simplify
68 silly mapToRegistry using default registry
69 silly mapToRegistry registry https://registry.npmjs.org/
70 silly mapToRegistry uri https://registry.npmjs.org/topojson-simplify
71 verbose request uri https://registry.npmjs.org/topojson-server
72 verbose request no auth needed
73 info attempt registry request try #1 at 上午8:55:46
74 verbose etag W/"584ee93c-1c8b"
75 verbose lastModified Mon, 12 Dec 2016 18:15:24 GMT
76 http request GET https://registry.npmjs.org/topojson-server
77 verbose request uri https://registry.npmjs.org/topojson-simplify
78 verbose request no auth needed
79 info attempt registry request try #1 at 上午8:55:46
80 verbose etag W/"581b91b5-2ebe"
81 verbose lastModified Thu, 03 Nov 2016 19:36:21 GMT
82 http request GET https://registry.npmjs.org/topojson-simplify
83 verbose request uri https://registry.npmjs.org/topojson-client
84 verbose request no auth needed
85 info attempt registry request try #1 at 上午8:55:46
86 verbose etag W/"581b89fe-74f6"
87 verbose lastModified Thu, 03 Nov 2016 19:03:26 GMT
88 http request GET https://registry.npmjs.org/topojson-client
89 http 304 https://registry.npmjs.org/topojson-client
90 verbose headers { date: 'Fri, 23 Dec 2016 00:55:47 GMT',
90 verbose headers   via: '1.1 varnish',
90 verbose headers   'cache-control': 'max-age=300',
90 verbose headers   etag: 'W/"581b89fe-74f6"',
90 verbose headers   age: '18',
90 verbose headers   connection: 'keep-alive',
90 verbose headers   'x-served-by': 'cache-nrt6128-NRT',
90 verbose headers   'x-cache': 'HIT',
90 verbose headers   'x-cache-hits': '3',
90 verbose headers   'x-timer': 'S1482454547.189330,VS0,VE0',
90 verbose headers   vary: 'Accept-Encoding' }
91 silly get cb [ 304,
91 silly get   { date: 'Fri, 23 Dec 2016 00:55:47 GMT',
91 silly get     via: '1.1 varnish',
91 silly get     'cache-control': 'max-age=300',
91 silly get     etag: 'W/"581b89fe-74f6"',
91 silly get     age: '18',
91 silly get     connection: 'keep-alive',
91 silly get     'x-served-by': 'cache-nrt6128-NRT',
91 silly get     'x-cache': 'HIT',
91 silly get     'x-cache-hits': '3',
91 silly get     'x-timer': 'S1482454547.189330,VS0,VE0',
91 silly get     vary: 'Accept-Encoding' } ]
92 verbose etag https://registry.npmjs.org/topojson-client from cache
93 verbose get saving topojson-client to /home/josh/.npm/registry.npmjs.org/topojson-client/.cache.json
94 silly resolveWithNewModule topojson-client@2.1.0 checking installable status
95 silly cache add args [ 'topojson-client@2.1.0', null ]
96 verbose cache add spec topojson-client@2.1.0
97 silly cache add parsed spec Result {
97 silly cache add   raw: 'topojson-client@2.1.0',
97 silly cache add   scope: null,
97 silly cache add   name: 'topojson-client',
97 silly cache add   rawSpec: '2.1.0',
97 silly cache add   spec: '2.1.0',
97 silly cache add   type: 'version' }
98 silly addNamed topojson-client@2.1.0
99 verbose addNamed "2.1.0" is a plain semver version for topojson-client
100 silly mapToRegistry name topojson-client
101 silly mapToRegistry using default registry
102 silly mapToRegistry registry https://registry.npmjs.org/
103 silly mapToRegistry uri https://registry.npmjs.org/topojson-client
104 verbose addNameVersion registry:https://registry.npmjs.org/topojson-client not in flight; fetching
105 verbose get https://registry.npmjs.org/topojson-client not expired, no request
106 silly cache afterAdd topojson-client@2.1.0
107 verbose afterAdd /home/josh/.npm/topojson-client/2.1.0/package/package.json not in flight; writing
108 verbose afterAdd /home/josh/.npm/topojson-client/2.1.0/package/package.json written
109 http 304 https://registry.npmjs.org/topojson-simplify
110 verbose headers { date: 'Fri, 23 Dec 2016 00:55:48 GMT',
110 verbose headers   via: '1.1 varnish',
110 verbose headers   'cache-control': 'max-age=300',
110 verbose headers   etag: 'W/"581b91b5-2ebe"',
110 verbose headers   age: '21',
110 verbose headers   connection: 'keep-alive',
110 verbose headers   'x-served-by': 'cache-nrt6129-NRT',
110 verbose headers   'x-cache': 'HIT',
110 verbose headers   'x-cache-hits': '1',
110 verbose headers   'x-timer': 'S1482454548.133933,VS0,VE0',
110 verbose headers   vary: 'Accept-Encoding' }
111 silly get cb [ 304,
111 silly get   { date: 'Fri, 23 Dec 2016 00:55:48 GMT',
111 silly get     via: '1.1 varnish',
111 silly get     'cache-control': 'max-age=300',
111 silly get     etag: 'W/"581b91b5-2ebe"',
111 silly get     age: '21',
111 silly get     connection: 'keep-alive',
111 silly get     'x-served-by': 'cache-nrt6129-NRT',
111 silly get     'x-cache': 'HIT',
111 silly get     'x-cache-hits': '1',
111 silly get     'x-timer': 'S1482454548.133933,VS0,VE0',
111 silly get     vary: 'Accept-Encoding' } ]
112 verbose etag https://registry.npmjs.org/topojson-simplify from cache
113 verbose get saving topojson-simplify to /home/josh/.npm/registry.npmjs.org/topojson-simplify/.cache.json
114 http 304 https://registry.npmjs.org/topojson-server
115 verbose headers { date: 'Fri, 23 Dec 2016 00:55:48 GMT',
115 verbose headers   via: '1.1 varnish',
115 verbose headers   'cache-control': 'max-age=300',
115 verbose headers   etag: 'W/"584ee93c-1c8b"',
115 verbose headers   age: '20',
115 verbose headers   connection: 'keep-alive',
115 verbose headers   'x-served-by': 'cache-nrt6128-NRT',
115 verbose headers   'x-cache': 'HIT',
115 verbose headers   'x-cache-hits': '1',
115 verbose headers   'x-timer': 'S1482454548.131618,VS0,VE0',
115 verbose headers   vary: 'Accept-Encoding' }
116 silly get cb [ 304,
116 silly get   { date: 'Fri, 23 Dec 2016 00:55:48 GMT',
116 silly get     via: '1.1 varnish',
116 silly get     'cache-control': 'max-age=300',
116 silly get     etag: 'W/"584ee93c-1c8b"',
116 silly get     age: '20',
116 silly get     connection: 'keep-alive',
116 silly get     'x-served-by': 'cache-nrt6128-NRT',
116 silly get     'x-cache': 'HIT',
116 silly get     'x-cache-hits': '1',
116 silly get     'x-timer': 'S1482454548.131618,VS0,VE0',
116 silly get     vary: 'Accept-Encoding' } ]
117 verbose etag https://registry.npmjs.org/topojson-server from cache
118 verbose get saving topojson-server to /home/josh/.npm/registry.npmjs.org/topojson-server/.cache.json
119 silly resolveWithNewModule topojson-server@2.0.0 checking installable status
120 silly cache add args [ 'topojson-server@2.0.0', null ]
121 verbose cache add spec topojson-server@2.0.0
122 silly cache add parsed spec Result {
122 silly cache add   raw: 'topojson-server@2.0.0',
122 silly cache add   scope: null,
122 silly cache add   name: 'topojson-server',
122 silly cache add   rawSpec: '2.0.0',
122 silly cache add   spec: '2.0.0',
122 silly cache add   type: 'version' }
123 silly addNamed topojson-server@2.0.0
124 verbose addNamed "2.0.0" is a plain semver version for topojson-server
125 silly mapToRegistry name topojson-server
126 silly mapToRegistry using default registry
127 silly mapToRegistry registry https://registry.npmjs.org/
128 silly mapToRegistry uri https://registry.npmjs.org/topojson-server
129 verbose addNameVersion registry:https://registry.npmjs.org/topojson-server not in flight; fetching
130 silly resolveWithNewModule topojson-simplify@2.0.0 checking installable status
131 silly cache add args [ 'topojson-simplify@2.0.0', null ]
132 verbose cache add spec topojson-simplify@2.0.0
133 silly cache add parsed spec Result {
133 silly cache add   raw: 'topojson-simplify@2.0.0',
133 silly cache add   scope: null,
133 silly cache add   name: 'topojson-simplify',
133 silly cache add   rawSpec: '2.0.0',
133 silly cache add   spec: '2.0.0',
133 silly cache add   type: 'version' }
134 silly addNamed topojson-simplify@2.0.0
135 verbose addNamed "2.0.0" is a plain semver version for topojson-simplify
136 silly mapToRegistry name topojson-simplify
137 silly mapToRegistry using default registry
138 silly mapToRegistry registry https://registry.npmjs.org/
139 silly mapToRegistry uri https://registry.npmjs.org/topojson-simplify
140 verbose addNameVersion registry:https://registry.npmjs.org/topojson-simplify not in flight; fetching
141 verbose get https://registry.npmjs.org/topojson-server not expired, no request
142 verbose get https://registry.npmjs.org/topojson-simplify not expired, no request
143 silly cache afterAdd topojson-server@2.0.0
144 verbose afterAdd /home/josh/.npm/topojson-server/2.0.0/package/package.json not in flight; writing
145 silly cache afterAdd topojson-simplify@2.0.0
146 verbose afterAdd /home/josh/.npm/topojson-simplify/2.0.0/package/package.json not in flight; writing
147 verbose afterAdd /home/josh/.npm/topojson-simplify/2.0.0/package/package.json written
148 verbose afterAdd /home/josh/.npm/topojson-server/2.0.0/package/package.json written
149 silly fetchNamedPackageData commander
150 silly mapToRegistry name commander
151 silly mapToRegistry using default registry
152 silly mapToRegistry registry https://registry.npmjs.org/
153 silly mapToRegistry uri https://registry.npmjs.org/commander
154 verbose request uri https://registry.npmjs.org/commander
155 verbose request no auth needed
156 info attempt registry request try #1 at 上午8:55:48
157 verbose etag W/"585c4703-fd4e"
158 verbose lastModified Thu, 22 Dec 2016 21:34:59 GMT
159 http request GET https://registry.npmjs.org/commander
160 http 304 https://registry.npmjs.org/commander
161 verbose headers { date: 'Fri, 23 Dec 2016 00:55:48 GMT',
161 verbose headers   via: '1.1 varnish',
161 verbose headers   'cache-control': 'max-age=300',
161 verbose headers   etag: 'W/"585c4703-fd4e"',
161 verbose headers   age: '35',
161 verbose headers   connection: 'keep-alive',
161 verbose headers   'x-served-by': 'cache-nrt6133-NRT',
161 verbose headers   'x-cache': 'HIT',
161 verbose headers   'x-cache-hits': '3',
161 verbose headers   'x-timer': 'S1482454548.501252,VS0,VE0',
161 verbose headers   vary: 'Accept-Encoding' }
162 silly get cb [ 304,
162 silly get   { date: 'Fri, 23 Dec 2016 00:55:48 GMT',
162 silly get     via: '1.1 varnish',
162 silly get     'cache-control': 'max-age=300',
162 silly get     etag: 'W/"585c4703-fd4e"',
162 silly get     age: '35',
162 silly get     connection: 'keep-alive',
162 silly get     'x-served-by': 'cache-nrt6133-NRT',
162 silly get     'x-cache': 'HIT',
162 silly get     'x-cache-hits': '3',
162 silly get     'x-timer': 'S1482454548.501252,VS0,VE0',
162 silly get     vary: 'Accept-Encoding' } ]
163 verbose etag https://registry.npmjs.org/commander from cache
164 verbose get saving commander to /home/josh/.npm/registry.npmjs.org/commander/.cache.json
165 silly resolveWithNewModule commander@2.9.0 checking installable status
166 silly cache add args [ 'commander@2', null ]
167 verbose cache add spec commander@2
168 silly cache add parsed spec Result {
168 silly cache add   raw: 'commander@2',
168 silly cache add   scope: null,
168 silly cache add   name: 'commander',
168 silly cache add   rawSpec: '2',
168 silly cache add   spec: '>=2.0.0 <3.0.0',
168 silly cache add   type: 'range' }
169 silly addNamed commander@>=2.0.0 <3.0.0
170 verbose addNamed ">=2.0.0 <3.0.0" is a valid semver range for commander
171 silly addNameRange { name: 'commander', range: '>=2.0.0 <3.0.0', hasData: false }
172 silly mapToRegistry name commander
173 silly mapToRegistry using default registry
174 silly mapToRegistry registry https://registry.npmjs.org/
175 silly mapToRegistry uri https://registry.npmjs.org/commander
176 verbose addNameRange registry:https://registry.npmjs.org/commander not in flight; fetching
177 verbose get https://registry.npmjs.org/commander not expired, no request
178 silly addNameRange number 2 { name: 'commander', range: '>=2.0.0 <3.0.0', hasData: true }
179 silly addNameRange versions [ 'commander',
179 silly addNameRange   [ '0.0.1',
179 silly addNameRange     '0.0.3',
179 silly addNameRange     '0.0.4',
179 silly addNameRange     '0.0.5',
179 silly addNameRange     '0.1.0',
179 silly addNameRange     '0.2.0',
179 silly addNameRange     '0.2.1',
179 silly addNameRange     '0.3.0',
179 silly addNameRange     '0.3.1',
179 silly addNameRange     '0.3.2',
179 silly addNameRange     '0.3.3',
179 silly addNameRange     '0.4.0',
179 silly addNameRange     '0.4.1',
179 silly addNameRange     '0.4.2',
179 silly addNameRange     '0.4.3',
179 silly addNameRange     '0.5.0',
179 silly addNameRange     '0.5.1',
179 silly addNameRange     '0.6.0',
179 silly addNameRange     '0.6.1',
179 silly addNameRange     '0.5.2',
179 silly addNameRange     '1.0.0',
179 silly addNameRange     '1.0.1',
179 silly addNameRange     '1.0.2',
179 silly addNameRange     '1.0.3',
179 silly addNameRange     '1.0.4',
179 silly addNameRange     '1.0.5',
179 silly addNameRange     '1.1.0',
179 silly addNameRange     '1.1.1',
179 silly addNameRange     '1.2.0',
179 silly addNameRange     '1.3.0',
179 silly addNameRange     '1.3.1',
179 silly addNameRange     '1.3.2',
179 silly addNameRange     '2.0.0',
179 silly addNameRange     '2.1.0',
179 silly addNameRange     '2.2.0',
179 silly addNameRange     '2.3.0',
179 silly addNameRange     '2.4.0',
179 silly addNameRange     '2.5.0',
179 silly addNameRange     '2.5.1',
179 silly addNameRange     '2.6.0',
179 silly addNameRange     '2.7.0',
179 silly addNameRange     '2.7.1',
179 silly addNameRange     '2.8.0',
179 silly addNameRange     '2.8.1',
179 silly addNameRange     '2.9.0' ] ]
180 silly addNamed commander@2.9.0
181 verbose addNamed "2.9.0" is a plain semver version for commander
182 silly cache afterAdd commander@2.9.0
183 verbose afterAdd /home/josh/.npm/commander/2.9.0/package/package.json not in flight; writing
184 verbose afterAdd /home/josh/.npm/commander/2.9.0/package/package.json written
185 silly fetchNamedPackageData graceful-readlink
186 silly mapToRegistry name graceful-readlink
187 silly mapToRegistry using default registry
188 silly mapToRegistry registry https://registry.npmjs.org/
189 silly mapToRegistry uri https://registry.npmjs.org/graceful-readlink
190 verbose request uri https://registry.npmjs.org/graceful-readlink
191 verbose request no auth needed
192 info attempt registry request try #1 at 上午8:55:48
193 verbose etag W/"5818d05e-c0c"
194 verbose lastModified Tue, 01 Nov 2016 17:26:54 GMT
195 http request GET https://registry.npmjs.org/graceful-readlink
196 http 304 https://registry.npmjs.org/graceful-readlink
197 verbose headers { date: 'Fri, 23 Dec 2016 00:55:48 GMT',
197 verbose headers   via: '1.1 varnish',
197 verbose headers   'cache-control': 'max-age=300',
197 verbose headers   etag: 'W/"5818d05e-c0c"',
197 verbose headers   age: '169',
197 verbose headers   connection: 'keep-alive',
197 verbose headers   'x-served-by': 'cache-nrt6132-NRT',
197 verbose headers   'x-cache': 'HIT',
197 verbose headers   'x-cache-hits': '463',
197 verbose headers   'x-timer': 'S1482454548.871233,VS0,VE0',
197 verbose headers   vary: 'Accept-Encoding' }
198 silly get cb [ 304,
198 silly get   { date: 'Fri, 23 Dec 2016 00:55:48 GMT',
198 silly get     via: '1.1 varnish',
198 silly get     'cache-control': 'max-age=300',
198 silly get     etag: 'W/"5818d05e-c0c"',
198 silly get     age: '169',
198 silly get     connection: 'keep-alive',
198 silly get     'x-served-by': 'cache-nrt6132-NRT',
198 silly get     'x-cache': 'HIT',
198 silly get     'x-cache-hits': '463',
198 silly get     'x-timer': 'S1482454548.871233,VS0,VE0',
198 silly get     vary: 'Accept-Encoding' } ]
199 verbose etag https://registry.npmjs.org/graceful-readlink from cache
200 verbose get saving graceful-readlink to /home/josh/.npm/registry.npmjs.org/graceful-readlink/.cache.json
201 silly resolveWithNewModule graceful-readlink@1.0.1 checking installable status
202 silly cache add args [ 'graceful-readlink@>= 1.0.0', null ]
203 verbose cache add spec graceful-readlink@>= 1.0.0
204 silly cache add parsed spec Result {
204 silly cache add   raw: 'graceful-readlink@>= 1.0.0',
204 silly cache add   scope: null,
204 silly cache add   name: 'graceful-readlink',
204 silly cache add   rawSpec: '>= 1.0.0',
204 silly cache add   spec: '>=1.0.0',
204 silly cache add   type: 'range' }
205 silly addNamed graceful-readlink@>=1.0.0
206 verbose addNamed ">=1.0.0" is a valid semver range for graceful-readlink
207 silly addNameRange { name: 'graceful-readlink', range: '>=1.0.0', hasData: false }
208 silly mapToRegistry name graceful-readlink
209 silly mapToRegistry using default registry
210 silly mapToRegistry registry https://registry.npmjs.org/
211 silly mapToRegistry uri https://registry.npmjs.org/graceful-readlink
212 verbose addNameRange registry:https://registry.npmjs.org/graceful-readlink not in flight; fetching
213 verbose get https://registry.npmjs.org/graceful-readlink not expired, no request
214 silly addNameRange number 2 { name: 'graceful-readlink', range: '>=1.0.0', hasData: true }
215 silly addNameRange versions [ 'graceful-readlink', [ '1.0.0', '1.0.1' ] ]
216 silly addNamed graceful-readlink@1.0.1
217 verbose addNamed "1.0.1" is a plain semver version for graceful-readlink
218 silly cache afterAdd graceful-readlink@1.0.1
219 verbose afterAdd /home/josh/.npm/graceful-readlink/1.0.1/package/package.json not in flight; writing
220 verbose afterAdd /home/josh/.npm/graceful-readlink/1.0.1/package/package.json written
221 silly loadAllDepsIntoIdealTree Finishing
222 silly idealTree:prePrune lib
222 silly idealTree:prePrune └─┬ topojson@2.2.0
222 silly idealTree:prePrune   ├── commander@2.9.0
222 silly idealTree:prePrune   ├── graceful-readlink@1.0.1
222 silly idealTree:prePrune   ├── topojson-client@2.1.0
222 silly idealTree:prePrune   ├── topojson-server@2.0.0
222 silly idealTree:prePrune   └── topojson-simplify@2.0.0
223 silly loadIdealTree Finishing
224 silly currentTree lib
225 silly idealTree lib
225 silly idealTree └─┬ topojson@2.2.0
225 silly idealTree   ├── commander@2.9.0
225 silly idealTree   ├── graceful-readlink@1.0.1
225 silly idealTree   ├── topojson-client@2.1.0
225 silly idealTree   ├── topojson-server@2.0.0
225 silly idealTree   └── topojson-simplify@2.0.0
226 silly generateActionsToTake Starting
227 silly install generateActionsToTake
228 silly generateActionsToTake Finishing
229 silly diffTrees action count 6
230 silly diffTrees add graceful-readlink@1.0.1
231 silly diffTrees add commander@2.9.0
232 silly diffTrees add topojson-client@2.1.0
233 silly diffTrees add topojson-server@2.0.0
234 silly diffTrees add topojson-simplify@2.0.0
235 silly diffTrees add topojson@2.2.0
236 silly decomposeActions action count 48
237 silly decomposeActions fetch graceful-readlink@1.0.1
238 silly decomposeActions extract graceful-readlink@1.0.1
239 silly decomposeActions test graceful-readlink@1.0.1
240 silly decomposeActions preinstall graceful-readlink@1.0.1
241 silly decomposeActions build graceful-readlink@1.0.1
242 silly decomposeActions install graceful-readlink@1.0.1
243 silly decomposeActions postinstall graceful-readlink@1.0.1
244 silly decomposeActions finalize graceful-readlink@1.0.1
245 silly decomposeActions fetch commander@2.9.0
246 silly decomposeActions extract commander@2.9.0
247 silly decomposeActions test commander@2.9.0
248 silly decomposeActions preinstall commander@2.9.0
249 silly decomposeActions build commander@2.9.0
250 silly decomposeActions install commander@2.9.0
251 silly decomposeActions postinstall commander@2.9.0
252 silly decomposeActions finalize commander@2.9.0
253 silly decomposeActions fetch topojson-client@2.1.0
254 silly decomposeActions extract topojson-client@2.1.0
255 silly decomposeActions test topojson-client@2.1.0
256 silly decomposeActions preinstall topojson-client@2.1.0
257 silly decomposeActions build topojson-client@2.1.0
258 silly decomposeActions install topojson-client@2.1.0
259 silly decomposeActions postinstall topojson-client@2.1.0
260 silly decomposeActions finalize topojson-client@2.1.0
261 silly decomposeActions fetch topojson-server@2.0.0
262 silly decomposeActions extract topojson-server@2.0.0
263 silly decomposeActions test topojson-server@2.0.0
264 silly decomposeActions preinstall topojson-server@2.0.0
265 silly decomposeActions build topojson-server@2.0.0
266 silly decomposeActions install topojson-server@2.0.0
267 silly decomposeActions postinstall topojson-server@2.0.0
268 silly decomposeActions finalize topojson-server@2.0.0
269 silly decomposeActions fetch topojson-simplify@2.0.0
270 silly decomposeActions extract topojson-simplify@2.0.0
271 silly decomposeActions test topojson-simplify@2.0.0
272 silly decomposeActions preinstall topojson-simplify@2.0.0
273 silly decomposeActions build topojson-simplify@2.0.0
274 silly decomposeActions install topojson-simplify@2.0.0
275 silly decomposeActions postinstall topojson-simplify@2.0.0
276 silly decomposeActions finalize topojson-simplify@2.0.0
277 silly decomposeActions fetch topojson@2.2.0
278 silly decomposeActions extract topojson@2.2.0
279 silly decomposeActions test topojson@2.2.0
280 silly decomposeActions preinstall topojson@2.2.0
281 silly decomposeActions build topojson@2.2.0
282 silly decomposeActions install topojson@2.2.0
283 silly decomposeActions postinstall topojson@2.2.0
284 silly decomposeActions finalize topojson@2.2.0
285 silly executeActions Starting
286 silly install executeActions
287 silly doSerial global-install 0
288 silly doParallel fetch 6
289 verbose lock using /home/josh/.npm/_locks/staging-3a08f0df5026584d.lock for /usr/local/lib/node_modules/.staging
290 silly doParallel extract 6
291 silly extract graceful-readlink@1.0.1
292 silly extract commander@2.9.0
293 silly extract topojson-client@2.1.0
294 silly extract topojson-server@2.0.0
295 silly extract topojson-simplify@2.0.0
296 silly extract topojson@2.2.0
297 verbose unbuild lib/node_modules/.staging/graceful-readlink-b6bf565f
298 verbose unbuild lib/node_modules/.staging/commander-31ed9e77
299 verbose unbuild lib/node_modules/.staging/topojson-server-381ee785
300 verbose unbuild lib/node_modules/.staging/topojson-simplify-099e2bd3
301 verbose unbuild lib/node_modules/.staging/topojson-0bf43e4b
302 verbose unbuild lib/node_modules/.staging/topojson-client-1d3e4d15
303 silly gentlyRm /usr/local/lib/node_modules/.staging/graceful-readlink-b6bf565f is being purged from base /usr/local
304 verbose gentlyRm don't care about contents; nuking /usr/local/lib/node_modules/.staging/graceful-readlink-b6bf565f
305 silly gentlyRm /usr/local/lib/node_modules/.staging/commander-31ed9e77 is being purged from base /usr/local
306 verbose gentlyRm don't care about contents; nuking /usr/local/lib/node_modules/.staging/commander-31ed9e77
307 verbose tar unpack /home/josh/.npm/graceful-readlink/1.0.1/package.tgz
308 verbose tar unpacking to /usr/local/lib/node_modules/.staging/graceful-readlink-b6bf565f
309 silly gentlyRm /usr/local/lib/node_modules/.staging/graceful-readlink-b6bf565f is being purged
310 verbose gentlyRm don't care about contents; nuking /usr/local/lib/node_modules/.staging/graceful-readlink-b6bf565f
311 silly gentlyRm /usr/local/lib/node_modules/.staging/topojson-server-381ee785 is being purged from base /usr/local
312 verbose gentlyRm don't care about contents; nuking /usr/local/lib/node_modules/.staging/topojson-server-381ee785
313 silly gentlyRm /usr/local/lib/node_modules/.staging/topojson-simplify-099e2bd3 is being purged from base /usr/local
314 verbose gentlyRm don't care about contents; nuking /usr/local/lib/node_modules/.staging/topojson-simplify-099e2bd3
315 verbose tar unpack /home/josh/.npm/commander/2.9.0/package.tgz
316 verbose tar unpacking to /usr/local/lib/node_modules/.staging/commander-31ed9e77
317 silly gentlyRm /usr/local/lib/node_modules/.staging/commander-31ed9e77 is being purged
318 verbose gentlyRm don't care about contents; nuking /usr/local/lib/node_modules/.staging/commander-31ed9e77
319 silly gentlyRm /usr/local/lib/node_modules/.staging/topojson-0bf43e4b is being purged from base /usr/local
320 verbose gentlyRm don't care about contents; nuking /usr/local/lib/node_modules/.staging/topojson-0bf43e4b
321 silly gentlyRm /usr/local/lib/node_modules/.staging/topojson-client-1d3e4d15 is being purged from base /usr/local
322 verbose gentlyRm don't care about contents; nuking /usr/local/lib/node_modules/.staging/topojson-client-1d3e4d15
323 silly gunzTarPerm modes [ '755', '644' ]
324 verbose tar unpack /home/josh/.npm/topojson-server/2.0.0/package.tgz
325 verbose tar unpacking to /usr/local/lib/node_modules/.staging/topojson-server-381ee785
326 silly gentlyRm /usr/local/lib/node_modules/.staging/topojson-server-381ee785 is being purged
327 verbose gentlyRm don't care about contents; nuking /usr/local/lib/node_modules/.staging/topojson-server-381ee785
328 verbose tar unpack /home/josh/.npm/topojson-simplify/2.0.0/package.tgz
329 verbose tar unpacking to /usr/local/lib/node_modules/.staging/topojson-simplify-099e2bd3
330 silly gentlyRm /usr/local/lib/node_modules/.staging/topojson-simplify-099e2bd3 is being purged
331 verbose gentlyRm don't care about contents; nuking /usr/local/lib/node_modules/.staging/topojson-simplify-099e2bd3
332 silly gunzTarPerm modes [ '755', '644' ]
333 verbose tar unpack /home/josh/.npm/topojson/2.2.0/package.tgz
334 verbose tar unpacking to /usr/local/lib/node_modules/.staging/topojson-0bf43e4b
335 silly gentlyRm /usr/local/lib/node_modules/.staging/topojson-0bf43e4b is being purged
336 verbose gentlyRm don't care about contents; nuking /usr/local/lib/node_modules/.staging/topojson-0bf43e4b
337 verbose tar unpack /home/josh/.npm/topojson-client/2.1.0/package.tgz
338 verbose tar unpacking to /usr/local/lib/node_modules/.staging/topojson-client-1d3e4d15
339 silly gentlyRm /usr/local/lib/node_modules/.staging/topojson-client-1d3e4d15 is being purged
340 verbose gentlyRm don't care about contents; nuking /usr/local/lib/node_modules/.staging/topojson-client-1d3e4d15
341 silly gunzTarPerm modes [ '755', '644' ]
342 silly gunzTarPerm modes [ '755', '644' ]
343 silly gunzTarPerm modes [ '755', '644' ]
344 silly gunzTarPerm modes [ '755', '644' ]
345 silly gunzTarPerm extractEntry package.json
346 silly gunzTarPerm modified mode [ 'package.json', 436, 420 ]
347 silly gunzTarPerm extractEntry package.json
348 silly gunzTarPerm extractEntry package.json
349 silly gunzTarPerm extractEntry package.json
350 silly gunzTarPerm extractEntry package.json
351 silly gunzTarPerm extractEntry package.json
352 silly gunzTarPerm extractEntry .npmignore
353 silly gunzTarPerm modified mode [ '.npmignore', 436, 420 ]
354 silly gunzTarPerm extractEntry README.md
355 silly gunzTarPerm modified mode [ 'README.md', 436, 420 ]
356 silly gunzTarPerm extractEntry LICENSE
357 silly gunzTarPerm extractEntry index.js
358 silly gunzTarPerm extractEntry .npmignore
359 silly gunzTarPerm extractEntry README.md
360 silly gunzTarPerm extractEntry .npmignore
361 silly gunzTarPerm extractEntry README.md
362 silly gunzTarPerm extractEntry .npmignore
363 silly gunzTarPerm extractEntry README.md
364 silly gunzTarPerm extractEntry .npmignore
365 silly gunzTarPerm extractEntry README.md
366 silly gunzTarPerm extractEntry LICENSE
367 silly gunzTarPerm modified mode [ 'LICENSE', 436, 420 ]
368 silly gunzTarPerm extractEntry index.js
369 silly gunzTarPerm modified mode [ 'index.js', 436, 420 ]
370 silly gunzTarPerm extractEntry Readme.md
371 silly gunzTarPerm extractEntry index.js
372 silly gunzTarPerm extractEntry dist/topojson-server.js
373 silly gunzTarPerm extractEntry index.js
374 silly gunzTarPerm extractEntry dist/topojson-simplify.js
375 silly gunzTarPerm extractEntry index.js
376 silly gunzTarPerm extractEntry rollup.config.js
377 silly gunzTarPerm extractEntry index.js
378 silly gunzTarPerm extractEntry .travis.yml
379 silly gunzTarPerm modified mode [ '.travis.yml', 436, 420 ]
380 silly gunzTarPerm extractEntry dist/topojson-server.min.js
381 silly gunzTarPerm extractEntry dist/topojson-simplify.min.js
382 silly gunzTarPerm extractEntry History.md
383 silly gunzTarPerm extractEntry rollup.node.js
384 silly gunzTarPerm extractEntry dist/topojson.js
385 silly gunzTarPerm extractEntry dist/topojson-client.js
386 silly gunzTarPerm extractEntry dist/topojson-client.min.js
387 silly gunzTarPerm extractEntry bin/geo2topo
388 silly gunzTarPerm extractEntry LICENSE.md
389 silly gunzTarPerm extractEntry bin/toposimplify
390 silly gunzTarPerm extractEntry .eslintrc
391 silly gunzTarPerm extractEntry dist/topojson.min.js
392 silly gunzTarPerm extractEntry bin/topo2geo
393 silly gunzTarPerm extractEntry bin/topomerge
394 silly gunzTarPerm extractEntry .eslintrc
395 silly gunzTarPerm extractEntry src/bounds.js
396 silly gunzTarPerm extractEntry src/cut.js
397 silly gunzTarPerm extractEntry LICENSE.md
398 silly gunzTarPerm extractEntry src/filter.js
399 silly gunzTarPerm extractEntry bin/topoquantize
400 silly gunzTarPerm extractEntry .eslintrc
401 silly gunzTarPerm extractEntry dist/topojson.node.js
402 silly gunzTarPerm extractEntry LICENSE.md
403 silly gunzTarPerm extractEntry src/dedup.js
404 silly gunzTarPerm extractEntry src/filterAttached.js
405 silly gunzTarPerm extractEntry src/filterWeight.js
406 silly gunzTarPerm extractEntry LICENSE.md
407 silly gunzTarPerm extractEntry src/bbox.js
408 silly gunzTarPerm extractEntry src/delta.js
409 silly gunzTarPerm extractEntry src/extract.js
410 silly gunzTarPerm extractEntry src/heap.js
411 silly gunzTarPerm extractEntry src/planar.js
412 silly gunzTarPerm extractEntry src/feature.js
413 silly gunzTarPerm extractEntry src/identity.js
414 silly gunzTarPerm extractEntry src/geometry.js
415 silly gunzTarPerm extractEntry src/join.js
416 silly gunzTarPerm extractEntry src/presimplify.js
417 silly gunzTarPerm extractEntry src/prune.js
418 silly gunzTarPerm extractEntry src/merge.js
419 silly gunzTarPerm extractEntry src/mesh.js
420 silly gunzTarPerm extractEntry src/prequantize.js
421 silly gunzTarPerm extractEntry src/topology.js
422 silly gunzTarPerm extractEntry src/quantile.js
423 silly gunzTarPerm extractEntry src/simplify.js
424 silly gunzTarPerm extractEntry src/bisect.js
425 silly gunzTarPerm extractEntry src/quantize.js
426 silly gunzTarPerm extractEntry src/hash/hashmap.js
427 silly gunzTarPerm extractEntry src/hash/hashset.js
428 silly gunzTarPerm extractEntry src/spherical.js
429 silly gunzTarPerm extractEntry src/hash/point-equal.js
430 silly gunzTarPerm extractEntry src/hash/point-hash.js
431 silly gunzTarPerm extractEntry src/reverse.js
432 silly gunzTarPerm extractEntry src/stitch.js
433 silly gunzTarPerm extractEntry src/transform.js
434 silly gunzTarPerm extractEntry src/untransform.js
435 silly gunzTarPerm extractEntry src/neighbors.js
436 silly gentlyRm /usr/local/lib/node_modules/.staging/graceful-readlink-b6bf565f/node_modules is being purged
437 verbose gentlyRm don't care about contents; nuking /usr/local/lib/node_modules/.staging/graceful-readlink-b6bf565f/node_modules
438 silly gentlyRm /usr/local/lib/node_modules/.staging/commander-31ed9e77/node_modules is being purged
439 verbose gentlyRm don't care about contents; nuking /usr/local/lib/node_modules/.staging/commander-31ed9e77/node_modules
440 silly gentlyRm /usr/local/lib/node_modules/.staging/topojson-0bf43e4b/node_modules is being purged
441 verbose gentlyRm don't care about contents; nuking /usr/local/lib/node_modules/.staging/topojson-0bf43e4b/node_modules
442 silly gentlyRm /usr/local/lib/node_modules/.staging/topojson-simplify-099e2bd3/node_modules is being purged
443 verbose gentlyRm don't care about contents; nuking /usr/local/lib/node_modules/.staging/topojson-simplify-099e2bd3/node_modules
444 silly gentlyRm /usr/local/lib/node_modules/.staging/topojson-client-1d3e4d15/node_modules is being purged
445 verbose gentlyRm don't care about contents; nuking /usr/local/lib/node_modules/.staging/topojson-client-1d3e4d15/node_modules
446 silly gentlyRm /usr/local/lib/node_modules/.staging/topojson-server-381ee785/node_modules is being purged
447 verbose gentlyRm don't care about contents; nuking /usr/local/lib/node_modules/.staging/topojson-server-381ee785/node_modules
448 silly doParallel preinstall 6
449 silly preinstall graceful-readlink@1.0.1 /usr/local/lib/node_modules/.staging/graceful-readlink-b6bf565f
450 info lifecycle graceful-readlink@1.0.1~preinstall: graceful-readlink@1.0.1
451 silly preinstall commander@2.9.0 /usr/local/lib/node_modules/.staging/commander-31ed9e77
452 info lifecycle commander@2.9.0~preinstall: commander@2.9.0
453 silly preinstall topojson-client@2.1.0 /usr/local/lib/node_modules/.staging/topojson-client-1d3e4d15
454 info lifecycle topojson-client@2.1.0~preinstall: topojson-client@2.1.0
455 silly preinstall topojson-server@2.0.0 /usr/local/lib/node_modules/.staging/topojson-server-381ee785
456 info lifecycle topojson-server@2.0.0~preinstall: topojson-server@2.0.0
457 silly preinstall topojson-simplify@2.0.0 /usr/local/lib/node_modules/.staging/topojson-simplify-099e2bd3
458 info lifecycle topojson-simplify@2.0.0~preinstall: topojson-simplify@2.0.0
459 silly preinstall topojson@2.2.0 /usr/local/lib/node_modules/.staging/topojson-0bf43e4b
460 info lifecycle topojson@2.2.0~preinstall: topojson@2.2.0
461 silly lifecycle graceful-readlink@1.0.1~preinstall: no script for preinstall, continuing
462 silly lifecycle commander@2.9.0~preinstall: no script for preinstall, continuing
463 silly lifecycle topojson-client@2.1.0~preinstall: no script for preinstall, continuing
464 silly lifecycle topojson-server@2.0.0~preinstall: no script for preinstall, continuing
465 silly lifecycle topojson-simplify@2.0.0~preinstall: no script for preinstall, continuing
466 silly lifecycle topojson@2.2.0~preinstall: no script for preinstall, continuing
467 silly doReverseSerial remove 0
468 silly doSerial move 0
469 silly doSerial finalize 6
470 silly finalize /usr/local/lib/node_modules/topojson/node_modules/graceful-readlink
471 silly finalize /usr/local/lib/node_modules/topojson/node_modules/commander
472 silly finalize /usr/local/lib/node_modules/topojson/node_modules/topojson-client
473 silly finalize /usr/local/lib/node_modules/topojson/node_modules/topojson-server
474 silly finalize /usr/local/lib/node_modules/topojson/node_modules/topojson-simplify
475 silly finalize /usr/local/lib/node_modules/topojson
476 silly doSerial build 6
477 silly build graceful-readlink@1.0.1
478 info linkStuff graceful-readlink@1.0.1
479 silly linkStuff graceful-readlink@1.0.1 has /usr/local/lib/node_modules/topojson/node_modules as its parent node_modules
480 silly linkStuff graceful-readlink@1.0.1 is part of a global install
481 silly linkStuff graceful-readlink@1.0.1 is installed into a global node_modules
482 verbose linkBins graceful-readlink@1.0.1
483 verbose linkMans graceful-readlink@1.0.1
484 silly build commander@2.9.0
485 info linkStuff commander@2.9.0
486 silly linkStuff commander@2.9.0 has /usr/local/lib/node_modules/topojson/node_modules as its parent node_modules
487 silly linkStuff commander@2.9.0 is part of a global install
488 silly linkStuff commander@2.9.0 is installed into a global node_modules
489 verbose linkBins commander@2.9.0
490 verbose linkMans commander@2.9.0
491 silly build topojson-client@2.1.0
492 info linkStuff topojson-client@2.1.0
493 silly linkStuff topojson-client@2.1.0 has /usr/local/lib/node_modules/topojson/node_modules as its parent node_modules
494 silly linkStuff topojson-client@2.1.0 is part of a global install
495 silly linkStuff topojson-client@2.1.0 is installed into a global node_modules
496 verbose linkBins topojson-client@2.1.0
497 verbose link bins [ { topo2geo: 'bin/topo2geo',
497 verbose link bins     topomerge: 'bin/topomerge',
497 verbose link bins     topoquantize: 'bin/topoquantize' },
497 verbose link bins   '/usr/local/lib/node_modules/topojson/node_modules/.bin',
497 verbose link bins   false ]
498 verbose linkMans topojson-client@2.1.0
499 silly gentlyRm /usr/local/lib/node_modules/topojson/node_modules/.bin/topo2geo is being purged
500 verbose gentlyRm don't care about contents; nuking /usr/local/lib/node_modules/topojson/node_modules/.bin/topo2geo
501 silly gentlyRm /usr/local/lib/node_modules/topojson/node_modules/.bin/topomerge is being purged
502 verbose gentlyRm don't care about contents; nuking /usr/local/lib/node_modules/topojson/node_modules/.bin/topomerge
503 silly gentlyRm /usr/local/lib/node_modules/topojson/node_modules/.bin/topoquantize is being purged
504 verbose gentlyRm don't care about contents; nuking /usr/local/lib/node_modules/topojson/node_modules/.bin/topoquantize
505 silly build topojson-server@2.0.0
506 info linkStuff topojson-server@2.0.0
507 silly linkStuff topojson-server@2.0.0 has /usr/local/lib/node_modules/topojson/node_modules as its parent node_modules
508 silly linkStuff topojson-server@2.0.0 is part of a global install
509 silly linkStuff topojson-server@2.0.0 is installed into a global node_modules
510 verbose linkBins topojson-server@2.0.0
511 verbose link bins [ { geo2topo: 'bin/geo2topo' },
511 verbose link bins   '/usr/local/lib/node_modules/topojson/node_modules/.bin',
511 verbose link bins   false ]
512 verbose linkMans topojson-server@2.0.0
513 silly gentlyRm /usr/local/lib/node_modules/topojson/node_modules/.bin/geo2topo is being purged
514 verbose gentlyRm don't care about contents; nuking /usr/local/lib/node_modules/topojson/node_modules/.bin/geo2topo
515 silly build topojson-simplify@2.0.0
516 info linkStuff topojson-simplify@2.0.0
517 silly linkStuff topojson-simplify@2.0.0 has /usr/local/lib/node_modules/topojson/node_modules as its parent node_modules
518 silly linkStuff topojson-simplify@2.0.0 is part of a global install
519 silly linkStuff topojson-simplify@2.0.0 is installed into a global node_modules
520 verbose linkBins topojson-simplify@2.0.0
521 verbose link bins [ { toposimplify: 'bin/toposimplify' },
521 verbose link bins   '/usr/local/lib/node_modules/topojson/node_modules/.bin',
521 verbose link bins   false ]
522 verbose linkMans topojson-simplify@2.0.0
523 silly gentlyRm /usr/local/lib/node_modules/topojson/node_modules/.bin/toposimplify is being purged
524 verbose gentlyRm don't care about contents; nuking /usr/local/lib/node_modules/topojson/node_modules/.bin/toposimplify
525 silly build topojson@2.2.0
526 info linkStuff topojson@2.2.0
527 silly linkStuff topojson@2.2.0 has /usr/local/lib/node_modules as its parent node_modules
528 silly linkStuff topojson@2.2.0 is part of a global install
529 silly linkStuff topojson@2.2.0 is installed into a global node_modules
530 silly linkStuff topojson@2.2.0 is installed into the top-level global node_modules
531 verbose linkBins topojson@2.2.0
532 verbose link bins [ { geo2topo: 'node_modules/topojson-server/bin/geo2topo',
532 verbose link bins     toposimplify: 'node_modules/topojson-simplify/bin/toposimplify',
532 verbose link bins     topo2geo: 'node_modules/topojson-client/bin/topo2geo',
532 verbose link bins     topomerge: 'node_modules/topojson-client/bin/topomerge',
532 verbose link bins     topoquantize: 'node_modules/topojson-client/bin/topoquantize' },
532 verbose link bins   '/usr/local/bin',
532 verbose link bins   true ]
533 verbose linkMans topojson@2.2.0
534 silly gentlyRm /usr/local/bin/geo2topo is being gently removed
535 silly gentlyRm parent.path = /usr/local
536 silly gentlyRm parent.managed = /usr/local is in /usr/local
537 silly gentlyRm target.path =  /usr/local/bin/geo2topo
538 silly gentlyRm target.symlink = ../lib/node_modules/topojson/bin/geo2topo
539 silly gentlyRm target.managed = false
540 silly gentlyRm target.inParent =  false
541 verbose unlock done using /home/josh/.npm/_locks/staging-3a08f0df5026584d.lock for /usr/local/lib/node_modules/.staging
542 silly rollbackFailedOptional Starting
543 silly rollbackFailedOptional Finishing
544 silly runTopLevelLifecycles Starting
545 silly runTopLevelLifecycles Finishing
546 silly install printInstalled
547 verbose stack Error: Refusing to delete /usr/local/bin/geo2topo: ../lib/node_modules/topojson/bin/geo2topo symlink target is not controlled by npm /usr/local
547 verbose stack     at clobberFail (/usr/share/npm/lib/utils/gently-rm.js:162:12)
547 verbose stack     at isSafeToRm (/usr/share/npm/lib/utils/gently-rm.js:152:15)
547 verbose stack     at /usr/share/npm/lib/utils/gently-rm.js:93:5
547 verbose stack     at LOOP (/usr/share/npm/node_modules/slide/lib/chain.js:7:26)
547 verbose stack     at /usr/share/npm/node_modules/slide/lib/chain.js:18:7
547 verbose stack     at skipENOENT (/usr/share/npm/lib/utils/gently-rm.js:174:38)
547 verbose stack     at /usr/share/npm/node_modules/iferr/index.js:11:16
547 verbose stack     at /usr/share/npm/node_modules/iferr/index.js:11:16
547 verbose stack     at /usr/share/npm/node_modules/iferr/index.js:11:16
547 verbose stack     at /usr/share/npm/node_modules/iferr/index.js:11:16
548 verbose cwd /home/josh/node/mapdata
549 error Linux 4.4.0-53-generic
550 error argv "/usr/bin/nodejs" "/usr/bin/npm" "install" "-g" "topojson"
551 error node v4.2.6
552 error npm  v3.5.2
553 error path /usr/local/bin/geo2topo
554 error code EEXIST
555 error Refusing to delete /usr/local/bin/geo2topo: ../lib/node_modules/topojson/bin/geo2topo symlink target is not controlled by npm /usr/local
556 error File exists: /usr/local/bin/geo2topo
557 error Move it away, and try again.
558 verbose exit [ 1, true ]
