0 info it worked if it ends with ok
1 verbose cli [ '/usr/bin/nodejs', '/usr/bin/npm', 'install', 'topojson', '-g' ]
2 info using npm@3.5.2
3 info using node@v4.2.6
4 silly loadCurrentTree Starting
5 silly install loadCurrentTree
6 silly install readGlobalPackageData
7 silly fetchPackageMetaData topojson
8 silly fetchNamedPackageData topojson
9 silly mapToRegistry name topojson
10 silly mapToRegistry using default registry
11 silly mapToRegistry registry https://registry.npmjs.org/
12 silly mapToRegistry uri https://registry.npmjs.org/topojson
13 verbose request uri https://registry.npmjs.org/topojson
14 verbose request no auth needed
15 info attempt registry request try #1 at 上午8:50:17
16 verbose request id 8e336f4f10a1f828
17 verbose etag W/"581b8b3c-1d08a"
18 verbose lastModified Thu, 03 Nov 2016 19:08:44 GMT
19 http request GET https://registry.npmjs.org/topojson
20 http 200 https://registry.npmjs.org/topojson
21 verbose headers { server: 'nginx/1.10.1',
21 verbose headers   'content-type': 'application/json',
21 verbose headers   'last-modified': 'Mon, 12 Dec 2016 19:14:36 GMT',
21 verbose headers   etag: 'W/"584ef71c-1de2c"',
21 verbose headers   'content-encoding': 'gzip',
21 verbose headers   'cache-control': 'max-age=300',
21 verbose headers   'content-length': '11367',
21 verbose headers   'accept-ranges': 'bytes',
21 verbose headers   date: 'Fri, 23 Dec 2016 00:50:18 GMT',
21 verbose headers   via: '1.1 varnish',
21 verbose headers   age: '0',
21 verbose headers   connection: 'keep-alive',
21 verbose headers   'x-served-by': 'cache-nrt6124-NRT',
21 verbose headers   'x-cache': 'MISS',
21 verbose headers   'x-cache-hits': '0',
21 verbose headers   'x-timer': 'S1482454218.388089,VS0,VE126',
21 verbose headers   vary: 'Accept-Encoding' }
22 silly get cb [ 200,
22 silly get   { server: 'nginx/1.10.1',
22 silly get     'content-type': 'application/json',
22 silly get     'last-modified': 'Mon, 12 Dec 2016 19:14:36 GMT',
22 silly get     etag: 'W/"584ef71c-1de2c"',
22 silly get     'content-encoding': 'gzip',
22 silly get     'cache-control': 'max-age=300',
22 silly get     'content-length': '11367',
22 silly get     'accept-ranges': 'bytes',
22 silly get     date: 'Fri, 23 Dec 2016 00:50:18 GMT',
22 silly get     via: '1.1 varnish',
22 silly get     age: '0',
22 silly get     connection: 'keep-alive',
22 silly get     'x-served-by': 'cache-nrt6124-NRT',
22 silly get     'x-cache': 'MISS',
22 silly get     'x-cache-hits': '0',
22 silly get     'x-timer': 'S1482454218.388089,VS0,VE126',
22 silly get     vary: 'Accept-Encoding' } ]
23 verbose get saving topojson to /home/josh/.npm/registry.npmjs.org/topojson/.cache.json
24 silly install normalizeTree
25 silly loadCurrentTree Finishing
26 silly loadIdealTree Starting
27 silly install loadIdealTree
28 silly cloneCurrentTree Starting
29 silly install cloneCurrentTreeToIdealTree
30 silly cloneCurrentTree Finishing
31 silly loadShrinkwrap Starting
32 silly install loadShrinkwrap
33 silly loadShrinkwrap Finishing
34 silly loadAllDepsIntoIdealTree Starting
35 silly install loadAllDepsIntoIdealTree
36 silly resolveWithNewModule topojson@2.2.0 checking installable status
37 silly cache add args [ 'topojson', null ]
38 verbose cache add spec topojson
39 silly cache add parsed spec Result {
39 silly cache add   raw: 'topojson',
39 silly cache add   scope: null,
39 silly cache add   name: 'topojson',
39 silly cache add   rawSpec: '',
39 silly cache add   spec: 'latest',
39 silly cache add   type: 'tag' }
40 silly addNamed topojson@latest
41 verbose addNamed "latest" is being treated as a dist-tag for topojson
42 info addNameTag [ 'topojson', 'latest' ]
43 silly mapToRegistry name topojson
44 silly mapToRegistry using default registry
45 silly mapToRegistry registry https://registry.npmjs.org/
46 silly mapToRegistry uri https://registry.npmjs.org/topojson
47 verbose addNameTag registry:https://registry.npmjs.org/topojson not in flight; fetching
48 verbose get https://registry.npmjs.org/topojson not expired, no request
49 silly addNameTag next cb for topojson with tag latest
50 silly addNamed topojson@2.2.0
51 verbose addNamed "2.2.0" is a plain semver version for topojson
52 silly mapToRegistry name topojson
53 silly mapToRegistry using default registry
54 silly mapToRegistry registry https://registry.npmjs.org/
55 silly mapToRegistry uri https://registry.npmjs.org/topojson
56 verbose addRemoteTarball https://registry.npmjs.org/topojson/-/topojson-2.2.0.tgz not in flight; adding
57 verbose addRemoteTarball [ 'https://registry.npmjs.org/topojson/-/topojson-2.2.0.tgz',
57 verbose addRemoteTarball   '0205fa9420f92177e0a5f765659a48d4bde750c5' ]
58 info retry fetch attempt 1 at 上午8:50:18
59 info attempt registry request try #1 at 上午8:50:18
60 http fetch GET https://registry.npmjs.org/topojson/-/topojson-2.2.0.tgz
61 http fetch 200 https://registry.npmjs.org/topojson/-/topojson-2.2.0.tgz
62 silly fetchAndShaCheck shasum 0205fa9420f92177e0a5f765659a48d4bde750c5
63 verbose addTmpTarball /tmp/npm-3919-5dc2b900/registry.npmjs.org/topojson/-/topojson-2.2.0.tgz not in flight; adding
64 verbose addTmpTarball already have metadata; skipping unpack for topojson@2.2.0
65 silly cache afterAdd topojson@2.2.0
66 verbose afterAdd /home/josh/.npm/topojson/2.2.0/package/package.json not in flight; writing
67 verbose afterAdd /home/josh/.npm/topojson/2.2.0/package/package.json written
68 silly fetchNamedPackageData topojson-client
69 silly mapToRegistry name topojson-client
70 silly mapToRegistry using default registry
71 silly mapToRegistry registry https://registry.npmjs.org/
72 silly mapToRegistry uri https://registry.npmjs.org/topojson-client
73 silly fetchNamedPackageData topojson-server
74 silly mapToRegistry name topojson-server
75 silly mapToRegistry using default registry
76 silly mapToRegistry registry https://registry.npmjs.org/
77 silly mapToRegistry uri https://registry.npmjs.org/topojson-server
78 silly fetchNamedPackageData topojson-simplify
79 silly mapToRegistry name topojson-simplify
80 silly mapToRegistry using default registry
81 silly mapToRegistry registry https://registry.npmjs.org/
82 silly mapToRegistry uri https://registry.npmjs.org/topojson-simplify
83 verbose request uri https://registry.npmjs.org/topojson-client
84 verbose request no auth needed
85 info attempt registry request try #1 at 上午8:50:22
86 http request GET https://registry.npmjs.org/topojson-client
87 verbose request uri https://registry.npmjs.org/topojson-server
88 verbose request no auth needed
89 info attempt registry request try #1 at 上午8:50:22
90 http request GET https://registry.npmjs.org/topojson-server
91 verbose request uri https://registry.npmjs.org/topojson-simplify
92 verbose request no auth needed
93 info attempt registry request try #1 at 上午8:50:22
94 http request GET https://registry.npmjs.org/topojson-simplify
95 http 200 https://registry.npmjs.org/topojson-simplify
96 verbose headers { server: 'nginx/1.10.1',
96 verbose headers   'content-type': 'application/json',
96 verbose headers   'last-modified': 'Thu, 03 Nov 2016 19:36:21 GMT',
96 verbose headers   etag: 'W/"581b91b5-2ebe"',
96 verbose headers   'content-encoding': 'gzip',
96 verbose headers   'cache-control': 'max-age=300',
96 verbose headers   'content-length': '3124',
96 verbose headers   'accept-ranges': 'bytes',
96 verbose headers   date: 'Fri, 23 Dec 2016 00:50:23 GMT',
96 verbose headers   via: '1.1 varnish',
96 verbose headers   age: '0',
96 verbose headers   connection: 'keep-alive',
96 verbose headers   'x-served-by': 'cache-nrt6121-NRT',
96 verbose headers   'x-cache': 'MISS',
96 verbose headers   'x-cache-hits': '0',
96 verbose headers   'x-timer': 'S1482454223.012457,VS0,VE591',
96 verbose headers   vary: 'Accept-Encoding' }
97 silly get cb [ 200,
97 silly get   { server: 'nginx/1.10.1',
97 silly get     'content-type': 'application/json',
97 silly get     'last-modified': 'Thu, 03 Nov 2016 19:36:21 GMT',
97 silly get     etag: 'W/"581b91b5-2ebe"',
97 silly get     'content-encoding': 'gzip',
97 silly get     'cache-control': 'max-age=300',
97 silly get     'content-length': '3124',
97 silly get     'accept-ranges': 'bytes',
97 silly get     date: 'Fri, 23 Dec 2016 00:50:23 GMT',
97 silly get     via: '1.1 varnish',
97 silly get     age: '0',
97 silly get     connection: 'keep-alive',
97 silly get     'x-served-by': 'cache-nrt6121-NRT',
97 silly get     'x-cache': 'MISS',
97 silly get     'x-cache-hits': '0',
97 silly get     'x-timer': 'S1482454223.012457,VS0,VE591',
97 silly get     vary: 'Accept-Encoding' } ]
98 verbose get saving topojson-simplify to /home/josh/.npm/registry.npmjs.org/topojson-simplify/.cache.json
99 silly resolveWithNewModule topojson-simplify@2.0.0 checking installable status
100 silly cache add args [ 'topojson-simplify@2.0.0', null ]
101 verbose cache add spec topojson-simplify@2.0.0
102 silly cache add parsed spec Result {
102 silly cache add   raw: 'topojson-simplify@2.0.0',
102 silly cache add   scope: null,
102 silly cache add   name: 'topojson-simplify',
102 silly cache add   rawSpec: '2.0.0',
102 silly cache add   spec: '2.0.0',
102 silly cache add   type: 'version' }
103 silly addNamed topojson-simplify@2.0.0
104 verbose addNamed "2.0.0" is a plain semver version for topojson-simplify
105 silly mapToRegistry name topojson-simplify
106 silly mapToRegistry using default registry
107 silly mapToRegistry registry https://registry.npmjs.org/
108 silly mapToRegistry uri https://registry.npmjs.org/topojson-simplify
109 verbose addNameVersion registry:https://registry.npmjs.org/topojson-simplify not in flight; fetching
110 verbose get https://registry.npmjs.org/topojson-simplify not expired, no request
111 silly mapToRegistry name topojson-simplify
112 silly mapToRegistry using default registry
113 silly mapToRegistry registry https://registry.npmjs.org/
114 silly mapToRegistry uri https://registry.npmjs.org/topojson-simplify
115 verbose addRemoteTarball https://registry.npmjs.org/topojson-simplify/-/topojson-simplify-2.0.0.tgz not in flight; adding
116 verbose addRemoteTarball [ 'https://registry.npmjs.org/topojson-simplify/-/topojson-simplify-2.0.0.tgz',
116 verbose addRemoteTarball   '84edd8203c48464d6c5bb7d4a3c9ca8ae055e871' ]
117 info retry fetch attempt 1 at 上午8:50:23
118 info attempt registry request try #1 at 上午8:50:23
119 http fetch GET https://registry.npmjs.org/topojson-simplify/-/topojson-simplify-2.0.0.tgz
120 http 200 https://registry.npmjs.org/topojson-server
121 verbose headers { server: 'nginx/1.10.1',
121 verbose headers   'content-type': 'application/json',
121 verbose headers   'last-modified': 'Mon, 12 Dec 2016 18:15:24 GMT',
121 verbose headers   etag: 'W/"584ee93c-1c8b"',
121 verbose headers   'content-encoding': 'gzip',
121 verbose headers   'cache-control': 'max-age=300',
121 verbose headers   'content-length': '2605',
121 verbose headers   'accept-ranges': 'bytes',
121 verbose headers   date: 'Fri, 23 Dec 2016 00:50:24 GMT',
121 verbose headers   via: '1.1 varnish',
121 verbose headers   age: '0',
121 verbose headers   connection: 'keep-alive',
121 verbose headers   'x-served-by': 'cache-nrt6125-NRT',
121 verbose headers   'x-cache': 'MISS',
121 verbose headers   'x-cache-hits': '0',
121 verbose headers   'x-timer': 'S1482454223.985135,VS0,VE559',
121 verbose headers   vary: 'Accept-Encoding' }
122 silly get cb [ 200,
122 silly get   { server: 'nginx/1.10.1',
122 silly get     'content-type': 'application/json',
122 silly get     'last-modified': 'Mon, 12 Dec 2016 18:15:24 GMT',
122 silly get     etag: 'W/"584ee93c-1c8b"',
122 silly get     'content-encoding': 'gzip',
122 silly get     'cache-control': 'max-age=300',
122 silly get     'content-length': '2605',
122 silly get     'accept-ranges': 'bytes',
122 silly get     date: 'Fri, 23 Dec 2016 00:50:24 GMT',
122 silly get     via: '1.1 varnish',
122 silly get     age: '0',
122 silly get     connection: 'keep-alive',
122 silly get     'x-served-by': 'cache-nrt6125-NRT',
122 silly get     'x-cache': 'MISS',
122 silly get     'x-cache-hits': '0',
122 silly get     'x-timer': 'S1482454223.985135,VS0,VE559',
122 silly get     vary: 'Accept-Encoding' } ]
123 verbose get saving topojson-server to /home/josh/.npm/registry.npmjs.org/topojson-server/.cache.json
124 silly resolveWithNewModule topojson-server@2.0.0 checking installable status
125 silly cache add args [ 'topojson-server@2.0.0', null ]
126 verbose cache add spec topojson-server@2.0.0
127 silly cache add parsed spec Result {
127 silly cache add   raw: 'topojson-server@2.0.0',
127 silly cache add   scope: null,
127 silly cache add   name: 'topojson-server',
127 silly cache add   rawSpec: '2.0.0',
127 silly cache add   spec: '2.0.0',
127 silly cache add   type: 'version' }
128 silly addNamed topojson-server@2.0.0
129 verbose addNamed "2.0.0" is a plain semver version for topojson-server
130 silly mapToRegistry name topojson-server
131 silly mapToRegistry using default registry
132 silly mapToRegistry registry https://registry.npmjs.org/
133 silly mapToRegistry uri https://registry.npmjs.org/topojson-server
134 verbose addNameVersion registry:https://registry.npmjs.org/topojson-server not in flight; fetching
135 verbose get https://registry.npmjs.org/topojson-server not expired, no request
136 silly mapToRegistry name topojson-server
137 silly mapToRegistry using default registry
138 silly mapToRegistry registry https://registry.npmjs.org/
139 silly mapToRegistry uri https://registry.npmjs.org/topojson-server
140 verbose addRemoteTarball https://registry.npmjs.org/topojson-server/-/topojson-server-2.0.0.tgz not in flight; adding
141 verbose addRemoteTarball [ 'https://registry.npmjs.org/topojson-server/-/topojson-server-2.0.0.tgz',
141 verbose addRemoteTarball   'e5c1ce7eddf9d40312890ea51e95e17d98d321d8' ]
142 info retry fetch attempt 1 at 上午8:50:24
143 info attempt registry request try #1 at 上午8:50:24
144 http fetch GET https://registry.npmjs.org/topojson-server/-/topojson-server-2.0.0.tgz
145 http 200 https://registry.npmjs.org/topojson-client
146 verbose headers { server: 'nginx/1.10.1',
146 verbose headers   'content-type': 'application/json',
146 verbose headers   'last-modified': 'Thu, 03 Nov 2016 19:03:26 GMT',
146 verbose headers   etag: 'W/"581b89fe-74f6"',
146 verbose headers   'content-encoding': 'gzip',
146 verbose headers   'cache-control': 'max-age=300',
146 verbose headers   'content-length': '6374',
146 verbose headers   'accept-ranges': 'bytes',
146 verbose headers   date: 'Fri, 23 Dec 2016 00:50:24 GMT',
146 verbose headers   via: '1.1 varnish',
146 verbose headers   age: '0',
146 verbose headers   connection: 'keep-alive',
146 verbose headers   'x-served-by': 'cache-nrt6130-NRT',
146 verbose headers   'x-cache': 'MISS',
146 verbose headers   'x-cache-hits': '0',
146 verbose headers   'x-timer': 'S1482454223.957754,VS0,VE528',
146 verbose headers   vary: 'Accept-Encoding' }
147 silly get cb [ 200,
147 silly get   { server: 'nginx/1.10.1',
147 silly get     'content-type': 'application/json',
147 silly get     'last-modified': 'Thu, 03 Nov 2016 19:03:26 GMT',
147 silly get     etag: 'W/"581b89fe-74f6"',
147 silly get     'content-encoding': 'gzip',
147 silly get     'cache-control': 'max-age=300',
147 silly get     'content-length': '6374',
147 silly get     'accept-ranges': 'bytes',
147 silly get     date: 'Fri, 23 Dec 2016 00:50:24 GMT',
147 silly get     via: '1.1 varnish',
147 silly get     age: '0',
147 silly get     connection: 'keep-alive',
147 silly get     'x-served-by': 'cache-nrt6130-NRT',
147 silly get     'x-cache': 'MISS',
147 silly get     'x-cache-hits': '0',
147 silly get     'x-timer': 'S1482454223.957754,VS0,VE528',
147 silly get     vary: 'Accept-Encoding' } ]
148 verbose get saving topojson-client to /home/josh/.npm/registry.npmjs.org/topojson-client/.cache.json
149 silly resolveWithNewModule topojson-client@2.1.0 checking installable status
150 silly cache add args [ 'topojson-client@2.1.0', null ]
151 verbose cache add spec topojson-client@2.1.0
152 silly cache add parsed spec Result {
152 silly cache add   raw: 'topojson-client@2.1.0',
152 silly cache add   scope: null,
152 silly cache add   name: 'topojson-client',
152 silly cache add   rawSpec: '2.1.0',
152 silly cache add   spec: '2.1.0',
152 silly cache add   type: 'version' }
153 silly addNamed topojson-client@2.1.0
154 verbose addNamed "2.1.0" is a plain semver version for topojson-client
155 silly mapToRegistry name topojson-client
156 silly mapToRegistry using default registry
157 silly mapToRegistry registry https://registry.npmjs.org/
158 silly mapToRegistry uri https://registry.npmjs.org/topojson-client
159 verbose addNameVersion registry:https://registry.npmjs.org/topojson-client not in flight; fetching
160 verbose get https://registry.npmjs.org/topojson-client not expired, no request
161 silly mapToRegistry name topojson-client
162 silly mapToRegistry using default registry
163 silly mapToRegistry registry https://registry.npmjs.org/
164 silly mapToRegistry uri https://registry.npmjs.org/topojson-client
165 verbose addRemoteTarball https://registry.npmjs.org/topojson-client/-/topojson-client-2.1.0.tgz not in flight; adding
166 verbose addRemoteTarball [ 'https://registry.npmjs.org/topojson-client/-/topojson-client-2.1.0.tgz',
166 verbose addRemoteTarball   'ff9f7bf38991185e0b4284c2b06ae834f0eac6c8' ]
167 info retry fetch attempt 1 at 上午8:50:25
168 info attempt registry request try #1 at 上午8:50:25
169 http fetch GET https://registry.npmjs.org/topojson-client/-/topojson-client-2.1.0.tgz
170 http fetch 200 https://registry.npmjs.org/topojson-simplify/-/topojson-simplify-2.0.0.tgz
171 http fetch 200 https://registry.npmjs.org/topojson-client/-/topojson-client-2.1.0.tgz
172 silly fetchAndShaCheck shasum ff9f7bf38991185e0b4284c2b06ae834f0eac6c8
173 verbose addTmpTarball /tmp/npm-3919-5dc2b900/registry.npmjs.org/topojson-client/-/topojson-client-2.1.0.tgz not in flight; adding
174 verbose addTmpTarball already have metadata; skipping unpack for topojson-client@2.1.0
175 silly cache afterAdd topojson-client@2.1.0
176 verbose afterAdd /home/josh/.npm/topojson-client/2.1.0/package/package.json not in flight; writing
177 verbose afterAdd /home/josh/.npm/topojson-client/2.1.0/package/package.json written
178 http fetch 200 https://registry.npmjs.org/topojson-server/-/topojson-server-2.0.0.tgz
179 silly fetchAndShaCheck shasum 84edd8203c48464d6c5bb7d4a3c9ca8ae055e871
180 verbose addTmpTarball /tmp/npm-3919-5dc2b900/registry.npmjs.org/topojson-simplify/-/topojson-simplify-2.0.0.tgz not in flight; adding
181 verbose addTmpTarball already have metadata; skipping unpack for topojson-simplify@2.0.0
182 silly cache afterAdd topojson-simplify@2.0.0
183 verbose afterAdd /home/josh/.npm/topojson-simplify/2.0.0/package/package.json not in flight; writing
184 verbose afterAdd /home/josh/.npm/topojson-simplify/2.0.0/package/package.json written
185 silly fetchAndShaCheck shasum e5c1ce7eddf9d40312890ea51e95e17d98d321d8
186 verbose addTmpTarball /tmp/npm-3919-5dc2b900/registry.npmjs.org/topojson-server/-/topojson-server-2.0.0.tgz not in flight; adding
187 verbose addTmpTarball already have metadata; skipping unpack for topojson-server@2.0.0
188 silly cache afterAdd topojson-server@2.0.0
189 verbose afterAdd /home/josh/.npm/topojson-server/2.0.0/package/package.json not in flight; writing
190 verbose afterAdd /home/josh/.npm/topojson-server/2.0.0/package/package.json written
191 silly fetchNamedPackageData commander
192 silly mapToRegistry name commander
193 silly mapToRegistry using default registry
194 silly mapToRegistry registry https://registry.npmjs.org/
195 silly mapToRegistry uri https://registry.npmjs.org/commander
196 verbose request uri https://registry.npmjs.org/commander
197 verbose request no auth needed
198 info attempt registry request try #1 at 上午8:50:28
199 verbose etag W/"58597cc1-fd3a"
200 verbose lastModified Tue, 20 Dec 2016 18:47:29 GMT
201 http request GET https://registry.npmjs.org/commander
202 http 200 https://registry.npmjs.org/commander
203 verbose headers { server: 'nginx/1.10.1',
203 verbose headers   'content-type': 'application/json',
203 verbose headers   'last-modified': 'Thu, 22 Dec 2016 21:34:59 GMT',
203 verbose headers   etag: 'W/"585c4703-fd4e"',
203 verbose headers   'content-encoding': 'gzip',
203 verbose headers   'cache-control': 'max-age=300',
203 verbose headers   'content-length': '12399',
203 verbose headers   'accept-ranges': 'bytes',
203 verbose headers   date: 'Fri, 23 Dec 2016 00:50:29 GMT',
203 verbose headers   via: '1.1 varnish',
203 verbose headers   age: '20',
203 verbose headers   connection: 'keep-alive',
203 verbose headers   'x-served-by': 'cache-nrt6123-NRT',
203 verbose headers   'x-cache': 'HIT',
203 verbose headers   'x-cache-hits': '1',
203 verbose headers   'x-timer': 'S1482454229.098350,VS0,VE0',
203 verbose headers   vary: 'Accept-Encoding' }
204 silly get cb [ 200,
204 silly get   { server: 'nginx/1.10.1',
204 silly get     'content-type': 'application/json',
204 silly get     'last-modified': 'Thu, 22 Dec 2016 21:34:59 GMT',
204 silly get     etag: 'W/"585c4703-fd4e"',
204 silly get     'content-encoding': 'gzip',
204 silly get     'cache-control': 'max-age=300',
204 silly get     'content-length': '12399',
204 silly get     'accept-ranges': 'bytes',
204 silly get     date: 'Fri, 23 Dec 2016 00:50:29 GMT',
204 silly get     via: '1.1 varnish',
204 silly get     age: '20',
204 silly get     connection: 'keep-alive',
204 silly get     'x-served-by': 'cache-nrt6123-NRT',
204 silly get     'x-cache': 'HIT',
204 silly get     'x-cache-hits': '1',
204 silly get     'x-timer': 'S1482454229.098350,VS0,VE0',
204 silly get     vary: 'Accept-Encoding' } ]
205 verbose get saving commander to /home/josh/.npm/registry.npmjs.org/commander/.cache.json
206 silly resolveWithNewModule commander@2.9.0 checking installable status
207 silly cache add args [ 'commander@2', null ]
208 verbose cache add spec commander@2
209 silly cache add parsed spec Result {
209 silly cache add   raw: 'commander@2',
209 silly cache add   scope: null,
209 silly cache add   name: 'commander',
209 silly cache add   rawSpec: '2',
209 silly cache add   spec: '>=2.0.0 <3.0.0',
209 silly cache add   type: 'range' }
210 silly addNamed commander@>=2.0.0 <3.0.0
211 verbose addNamed ">=2.0.0 <3.0.0" is a valid semver range for commander
212 silly addNameRange { name: 'commander', range: '>=2.0.0 <3.0.0', hasData: false }
213 silly mapToRegistry name commander
214 silly mapToRegistry using default registry
215 silly mapToRegistry registry https://registry.npmjs.org/
216 silly mapToRegistry uri https://registry.npmjs.org/commander
217 verbose addNameRange registry:https://registry.npmjs.org/commander not in flight; fetching
218 verbose get https://registry.npmjs.org/commander not expired, no request
219 silly addNameRange number 2 { name: 'commander', range: '>=2.0.0 <3.0.0', hasData: true }
220 silly addNameRange versions [ 'commander',
220 silly addNameRange   [ '0.0.1',
220 silly addNameRange     '0.0.3',
220 silly addNameRange     '0.0.4',
220 silly addNameRange     '0.0.5',
220 silly addNameRange     '0.1.0',
220 silly addNameRange     '0.2.0',
220 silly addNameRange     '0.2.1',
220 silly addNameRange     '0.3.0',
220 silly addNameRange     '0.3.1',
220 silly addNameRange     '0.3.2',
220 silly addNameRange     '0.3.3',
220 silly addNameRange     '0.4.0',
220 silly addNameRange     '0.4.1',
220 silly addNameRange     '0.4.2',
220 silly addNameRange     '0.4.3',
220 silly addNameRange     '0.5.0',
220 silly addNameRange     '0.5.1',
220 silly addNameRange     '0.6.0',
220 silly addNameRange     '0.6.1',
220 silly addNameRange     '0.5.2',
220 silly addNameRange     '1.0.0',
220 silly addNameRange     '1.0.1',
220 silly addNameRange     '1.0.2',
220 silly addNameRange     '1.0.3',
220 silly addNameRange     '1.0.4',
220 silly addNameRange     '1.0.5',
220 silly addNameRange     '1.1.0',
220 silly addNameRange     '1.1.1',
220 silly addNameRange     '1.2.0',
220 silly addNameRange     '1.3.0',
220 silly addNameRange     '1.3.1',
220 silly addNameRange     '1.3.2',
220 silly addNameRange     '2.0.0',
220 silly addNameRange     '2.1.0',
220 silly addNameRange     '2.2.0',
220 silly addNameRange     '2.3.0',
220 silly addNameRange     '2.4.0',
220 silly addNameRange     '2.5.0',
220 silly addNameRange     '2.5.1',
220 silly addNameRange     '2.6.0',
220 silly addNameRange     '2.7.0',
220 silly addNameRange     '2.7.1',
220 silly addNameRange     '2.8.0',
220 silly addNameRange     '2.8.1',
220 silly addNameRange     '2.9.0' ] ]
221 silly addNamed commander@2.9.0
222 verbose addNamed "2.9.0" is a plain semver version for commander
223 silly cache afterAdd commander@2.9.0
224 verbose afterAdd /home/josh/.npm/commander/2.9.0/package/package.json not in flight; writing
225 verbose afterAdd /home/josh/.npm/commander/2.9.0/package/package.json written
226 silly fetchNamedPackageData graceful-readlink
227 silly mapToRegistry name graceful-readlink
228 silly mapToRegistry using default registry
229 silly mapToRegistry registry https://registry.npmjs.org/
230 silly mapToRegistry uri https://registry.npmjs.org/graceful-readlink
231 verbose request uri https://registry.npmjs.org/graceful-readlink
232 verbose request no auth needed
233 info attempt registry request try #1 at 上午8:50:29
234 verbose etag W/"5818d05e-c0c"
235 verbose lastModified Tue, 01 Nov 2016 17:26:54 GMT
236 http request GET https://registry.npmjs.org/graceful-readlink
237 http 304 https://registry.npmjs.org/graceful-readlink
238 verbose headers { date: 'Fri, 23 Dec 2016 00:50:29 GMT',
238 verbose headers   via: '1.1 varnish',
238 verbose headers   'cache-control': 'max-age=300',
238 verbose headers   etag: 'W/"5818d05e-c0c"',
238 verbose headers   age: '159',
238 verbose headers   connection: 'keep-alive',
238 verbose headers   'x-served-by': 'cache-nrt6126-NRT',
238 verbose headers   'x-cache': 'HIT',
238 verbose headers   'x-cache-hits': '1',
238 verbose headers   'x-timer': 'S1482454229.561461,VS0,VE0',
238 verbose headers   vary: 'Accept-Encoding' }
239 silly get cb [ 304,
239 silly get   { date: 'Fri, 23 Dec 2016 00:50:29 GMT',
239 silly get     via: '1.1 varnish',
239 silly get     'cache-control': 'max-age=300',
239 silly get     etag: 'W/"5818d05e-c0c"',
239 silly get     age: '159',
239 silly get     connection: 'keep-alive',
239 silly get     'x-served-by': 'cache-nrt6126-NRT',
239 silly get     'x-cache': 'HIT',
239 silly get     'x-cache-hits': '1',
239 silly get     'x-timer': 'S1482454229.561461,VS0,VE0',
239 silly get     vary: 'Accept-Encoding' } ]
240 verbose etag https://registry.npmjs.org/graceful-readlink from cache
241 verbose get saving graceful-readlink to /home/josh/.npm/registry.npmjs.org/graceful-readlink/.cache.json
242 silly resolveWithNewModule graceful-readlink@1.0.1 checking installable status
243 silly cache add args [ 'graceful-readlink@>= 1.0.0', null ]
244 verbose cache add spec graceful-readlink@>= 1.0.0
245 silly cache add parsed spec Result {
245 silly cache add   raw: 'graceful-readlink@>= 1.0.0',
245 silly cache add   scope: null,
245 silly cache add   name: 'graceful-readlink',
245 silly cache add   rawSpec: '>= 1.0.0',
245 silly cache add   spec: '>=1.0.0',
245 silly cache add   type: 'range' }
246 silly addNamed graceful-readlink@>=1.0.0
247 verbose addNamed ">=1.0.0" is a valid semver range for graceful-readlink
248 silly addNameRange { name: 'graceful-readlink', range: '>=1.0.0', hasData: false }
249 silly mapToRegistry name graceful-readlink
250 silly mapToRegistry using default registry
251 silly mapToRegistry registry https://registry.npmjs.org/
252 silly mapToRegistry uri https://registry.npmjs.org/graceful-readlink
253 verbose addNameRange registry:https://registry.npmjs.org/graceful-readlink not in flight; fetching
254 verbose get https://registry.npmjs.org/graceful-readlink not expired, no request
255 silly addNameRange number 2 { name: 'graceful-readlink', range: '>=1.0.0', hasData: true }
256 silly addNameRange versions [ 'graceful-readlink', [ '1.0.0', '1.0.1' ] ]
257 silly addNamed graceful-readlink@1.0.1
258 verbose addNamed "1.0.1" is a plain semver version for graceful-readlink
259 silly cache afterAdd graceful-readlink@1.0.1
260 verbose afterAdd /home/josh/.npm/graceful-readlink/1.0.1/package/package.json not in flight; writing
261 verbose afterAdd /home/josh/.npm/graceful-readlink/1.0.1/package/package.json written
262 silly loadAllDepsIntoIdealTree Finishing
263 silly idealTree:prePrune lib
263 silly idealTree:prePrune └─┬ topojson@2.2.0
263 silly idealTree:prePrune   ├── commander@2.9.0
263 silly idealTree:prePrune   ├── graceful-readlink@1.0.1
263 silly idealTree:prePrune   ├── topojson-client@2.1.0
263 silly idealTree:prePrune   ├── topojson-server@2.0.0
263 silly idealTree:prePrune   └── topojson-simplify@2.0.0
264 silly loadIdealTree Finishing
265 silly currentTree lib
265 silly currentTree └─┬ topojson@2.0.0
265 silly currentTree   ├── commander@2.9.0
265 silly currentTree   └── graceful-readlink@1.0.1
266 silly idealTree lib
266 silly idealTree └─┬ topojson@2.2.0
266 silly idealTree   ├── commander@2.9.0
266 silly idealTree   ├── graceful-readlink@1.0.1
266 silly idealTree   ├── topojson-client@2.1.0
266 silly idealTree   ├── topojson-server@2.0.0
266 silly idealTree   └── topojson-simplify@2.0.0
267 silly generateActionsToTake Starting
268 silly install generateActionsToTake
269 silly generateActionsToTake Finishing
270 silly diffTrees action count 4
271 silly diffTrees add topojson-client@2.1.0
272 silly diffTrees add topojson-server@2.0.0
273 silly diffTrees add topojson-simplify@2.0.0
274 silly diffTrees update topojson@2.2.0
275 silly decomposeActions action count 32
276 silly decomposeActions fetch topojson-client@2.1.0
277 silly decomposeActions extract topojson-client@2.1.0
278 silly decomposeActions test topojson-client@2.1.0
279 silly decomposeActions preinstall topojson-client@2.1.0
280 silly decomposeActions build topojson-client@2.1.0
281 silly decomposeActions install topojson-client@2.1.0
282 silly decomposeActions postinstall topojson-client@2.1.0
283 silly decomposeActions finalize topojson-client@2.1.0
284 silly decomposeActions fetch topojson-server@2.0.0
285 silly decomposeActions extract topojson-server@2.0.0
286 silly decomposeActions test topojson-server@2.0.0
287 silly decomposeActions preinstall topojson-server@2.0.0
288 silly decomposeActions build topojson-server@2.0.0
289 silly decomposeActions install topojson-server@2.0.0
290 silly decomposeActions postinstall topojson-server@2.0.0
291 silly decomposeActions finalize topojson-server@2.0.0
292 silly decomposeActions fetch topojson-simplify@2.0.0
293 silly decomposeActions extract topojson-simplify@2.0.0
294 silly decomposeActions test topojson-simplify@2.0.0
295 silly decomposeActions preinstall topojson-simplify@2.0.0
296 silly decomposeActions build topojson-simplify@2.0.0
297 silly decomposeActions install topojson-simplify@2.0.0
298 silly decomposeActions postinstall topojson-simplify@2.0.0
299 silly decomposeActions finalize topojson-simplify@2.0.0
300 silly decomposeActions fetch topojson@2.2.0
301 silly decomposeActions extract topojson@2.2.0
302 silly decomposeActions test topojson@2.2.0
303 silly decomposeActions preinstall topojson@2.2.0
304 silly decomposeActions build topojson@2.2.0
305 silly decomposeActions install topojson@2.2.0
306 silly decomposeActions postinstall topojson@2.2.0
307 silly decomposeActions finalize topojson@2.2.0
308 silly executeActions Starting
309 silly install executeActions
310 silly doSerial global-install 0
311 silly doParallel fetch 4
312 verbose lock using /home/josh/.npm/_locks/staging-3a08f0df5026584d.lock for /usr/local/lib/node_modules/.staging
313 silly doParallel extract 4
314 silly extract topojson-client@2.1.0
315 silly extract topojson-server@2.0.0
316 silly extract topojson-simplify@2.0.0
317 silly extract topojson@2.2.0
318 verbose unbuild lib/node_modules/.staging/topojson-client-1d3e4d15
319 verbose unbuild lib/node_modules/.staging/topojson-server-381ee785
320 verbose unbuild lib/node_modules/.staging/topojson-0bf43e4b
321 verbose unbuild lib/node_modules/.staging/topojson-simplify-099e2bd3
322 silly gentlyRm /usr/local/lib/node_modules/.staging/topojson-client-1d3e4d15 is being purged from base /usr/local
323 verbose gentlyRm don't care about contents; nuking /usr/local/lib/node_modules/.staging/topojson-client-1d3e4d15
324 silly gentlyRm /usr/local/lib/node_modules/.staging/topojson-server-381ee785 is being purged from base /usr/local
325 verbose gentlyRm don't care about contents; nuking /usr/local/lib/node_modules/.staging/topojson-server-381ee785
326 silly gentlyRm /usr/local/lib/node_modules/.staging/topojson-0bf43e4b is being purged from base /usr/local
327 verbose gentlyRm don't care about contents; nuking /usr/local/lib/node_modules/.staging/topojson-0bf43e4b
328 silly gentlyRm /usr/local/lib/node_modules/.staging/topojson-simplify-099e2bd3 is being purged from base /usr/local
329 verbose gentlyRm don't care about contents; nuking /usr/local/lib/node_modules/.staging/topojson-simplify-099e2bd3
330 verbose tar unpack /home/josh/.npm/topojson-client/2.1.0/package.tgz
331 verbose tar unpacking to /usr/local/lib/node_modules/.staging/topojson-client-1d3e4d15
332 silly gentlyRm /usr/local/lib/node_modules/.staging/topojson-client-1d3e4d15 is being purged
333 verbose gentlyRm don't care about contents; nuking /usr/local/lib/node_modules/.staging/topojson-client-1d3e4d15
334 verbose tar unpack /home/josh/.npm/topojson-server/2.0.0/package.tgz
335 verbose tar unpacking to /usr/local/lib/node_modules/.staging/topojson-server-381ee785
336 silly gentlyRm /usr/local/lib/node_modules/.staging/topojson-server-381ee785 is being purged
337 verbose gentlyRm don't care about contents; nuking /usr/local/lib/node_modules/.staging/topojson-server-381ee785
338 verbose tar unpack /home/josh/.npm/topojson/2.2.0/package.tgz
339 verbose tar unpacking to /usr/local/lib/node_modules/.staging/topojson-0bf43e4b
340 silly gentlyRm /usr/local/lib/node_modules/.staging/topojson-0bf43e4b is being purged
341 verbose gentlyRm don't care about contents; nuking /usr/local/lib/node_modules/.staging/topojson-0bf43e4b
342 verbose tar unpack /home/josh/.npm/topojson-simplify/2.0.0/package.tgz
343 verbose tar unpacking to /usr/local/lib/node_modules/.staging/topojson-simplify-099e2bd3
344 silly gentlyRm /usr/local/lib/node_modules/.staging/topojson-simplify-099e2bd3 is being purged
345 verbose gentlyRm don't care about contents; nuking /usr/local/lib/node_modules/.staging/topojson-simplify-099e2bd3
346 silly gunzTarPerm modes [ '755', '644' ]
347 silly gunzTarPerm modes [ '755', '644' ]
348 silly gunzTarPerm modes [ '755', '644' ]
349 silly gunzTarPerm modes [ '755', '644' ]
350 silly gunzTarPerm extractEntry package.json
351 silly gunzTarPerm extractEntry package.json
352 silly gunzTarPerm extractEntry package.json
353 silly gunzTarPerm extractEntry package.json
354 silly gunzTarPerm extractEntry .npmignore
355 silly gunzTarPerm extractEntry README.md
356 silly gunzTarPerm extractEntry .npmignore
357 silly gunzTarPerm extractEntry README.md
358 silly gunzTarPerm extractEntry .npmignore
359 silly gunzTarPerm extractEntry README.md
360 silly gunzTarPerm extractEntry .npmignore
361 silly gunzTarPerm extractEntry README.md
362 silly gunzTarPerm extractEntry index.js
363 silly gunzTarPerm extractEntry index.js
364 silly gunzTarPerm extractEntry dist/topojson-server.js
365 silly gunzTarPerm extractEntry index.js
366 silly gunzTarPerm extractEntry rollup.config.js
367 silly gunzTarPerm extractEntry index.js
368 silly gunzTarPerm extractEntry dist/topojson-simplify.js
369 silly gunzTarPerm extractEntry dist/topojson-client.js
370 silly gunzTarPerm extractEntry dist/topojson-client.min.js
371 silly gunzTarPerm extractEntry dist/topojson-server.min.js
372 silly gunzTarPerm extractEntry rollup.node.js
373 silly gunzTarPerm extractEntry dist/topojson.js
374 silly gunzTarPerm extractEntry dist/topojson-simplify.min.js
375 silly gunzTarPerm extractEntry bin/topo2geo
376 silly gunzTarPerm extractEntry bin/topomerge
377 silly gunzTarPerm extractEntry bin/geo2topo
378 silly gunzTarPerm extractEntry LICENSE.md
379 silly gunzTarPerm extractEntry dist/topojson.min.js
380 silly gunzTarPerm extractEntry bin/toposimplify
381 silly gunzTarPerm extractEntry .eslintrc
382 silly gunzTarPerm extractEntry bin/topoquantize
383 silly gunzTarPerm extractEntry .eslintrc
384 silly gunzTarPerm extractEntry .eslintrc
385 silly gunzTarPerm extractEntry src/bounds.js
386 silly gunzTarPerm extractEntry src/cut.js
387 silly gunzTarPerm extractEntry LICENSE.md
388 silly gunzTarPerm extractEntry src/filter.js
389 silly gunzTarPerm extractEntry src/dedup.js
390 silly gunzTarPerm extractEntry dist/topojson.node.js
391 silly gunzTarPerm extractEntry LICENSE.md
392 silly gunzTarPerm extractEntry LICENSE.md
393 silly gunzTarPerm extractEntry src/bbox.js
394 silly gunzTarPerm extractEntry src/filterAttached.js
395 silly gunzTarPerm extractEntry src/filterWeight.js
396 silly gunzTarPerm extractEntry src/delta.js
397 silly gunzTarPerm extractEntry src/extract.js
398 silly gunzTarPerm extractEntry src/feature.js
399 silly gunzTarPerm extractEntry src/identity.js
400 silly gunzTarPerm extractEntry src/heap.js
401 silly gunzTarPerm extractEntry src/planar.js
402 silly gunzTarPerm extractEntry src/geometry.js
403 silly gunzTarPerm extractEntry src/join.js
404 silly gunzTarPerm extractEntry src/merge.js
405 silly gunzTarPerm extractEntry src/mesh.js
406 silly gunzTarPerm extractEntry src/presimplify.js
407 silly gunzTarPerm extractEntry src/prune.js
408 silly gunzTarPerm extractEntry src/prequantize.js
409 silly gunzTarPerm extractEntry src/topology.js
410 silly gunzTarPerm extractEntry src/bisect.js
411 silly gunzTarPerm extractEntry src/quantize.js
412 silly gunzTarPerm extractEntry src/quantile.js
413 silly gunzTarPerm extractEntry src/simplify.js
414 silly gunzTarPerm extractEntry src/hash/hashmap.js
415 silly gunzTarPerm extractEntry src/hash/hashset.js
416 silly gunzTarPerm extractEntry src/spherical.js
417 silly gunzTarPerm extractEntry src/hash/point-equal.js
418 silly gunzTarPerm extractEntry src/hash/point-hash.js
419 silly gunzTarPerm extractEntry src/reverse.js
420 silly gunzTarPerm extractEntry src/stitch.js
421 silly gunzTarPerm extractEntry src/transform.js
422 silly gunzTarPerm extractEntry src/untransform.js
423 silly gunzTarPerm extractEntry src/neighbors.js
424 silly gentlyRm /usr/local/lib/node_modules/.staging/topojson-0bf43e4b/node_modules is being purged
425 verbose gentlyRm don't care about contents; nuking /usr/local/lib/node_modules/.staging/topojson-0bf43e4b/node_modules
426 silly gentlyRm /usr/local/lib/node_modules/.staging/topojson-simplify-099e2bd3/node_modules is being purged
427 verbose gentlyRm don't care about contents; nuking /usr/local/lib/node_modules/.staging/topojson-simplify-099e2bd3/node_modules
428 silly gentlyRm /usr/local/lib/node_modules/.staging/topojson-server-381ee785/node_modules is being purged
429 verbose gentlyRm don't care about contents; nuking /usr/local/lib/node_modules/.staging/topojson-server-381ee785/node_modules
430 silly gentlyRm /usr/local/lib/node_modules/.staging/topojson-client-1d3e4d15/node_modules is being purged
431 verbose gentlyRm don't care about contents; nuking /usr/local/lib/node_modules/.staging/topojson-client-1d3e4d15/node_modules
432 silly doParallel preinstall 4
433 silly preinstall topojson-client@2.1.0 /usr/local/lib/node_modules/.staging/topojson-client-1d3e4d15
434 info lifecycle topojson-client@2.1.0~preinstall: topojson-client@2.1.0
435 silly preinstall topojson-server@2.0.0 /usr/local/lib/node_modules/.staging/topojson-server-381ee785
436 info lifecycle topojson-server@2.0.0~preinstall: topojson-server@2.0.0
437 silly preinstall topojson-simplify@2.0.0 /usr/local/lib/node_modules/.staging/topojson-simplify-099e2bd3
438 info lifecycle topojson-simplify@2.0.0~preinstall: topojson-simplify@2.0.0
439 silly preinstall topojson@2.2.0 /usr/local/lib/node_modules/.staging/topojson-0bf43e4b
440 info lifecycle topojson@2.2.0~preinstall: topojson@2.2.0
441 silly lifecycle topojson-client@2.1.0~preinstall: no script for preinstall, continuing
442 silly lifecycle topojson-server@2.0.0~preinstall: no script for preinstall, continuing
443 silly lifecycle topojson-simplify@2.0.0~preinstall: no script for preinstall, continuing
444 silly lifecycle topojson@2.2.0~preinstall: no script for preinstall, continuing
445 silly doReverseSerial remove 0
446 silly doSerial move 0
447 silly doSerial finalize 4
448 silly finalize /usr/local/lib/node_modules/topojson/node_modules/topojson-client
449 silly finalize /usr/local/lib/node_modules/topojson/node_modules/topojson-server
450 silly finalize /usr/local/lib/node_modules/topojson/node_modules/topojson-simplify
451 silly finalize /usr/local/lib/node_modules/topojson
452 silly doSerial build 4
453 silly build topojson-client@2.1.0
454 info linkStuff topojson-client@2.1.0
455 silly linkStuff topojson-client@2.1.0 has /usr/local/lib/node_modules/topojson/node_modules as its parent node_modules
456 silly linkStuff topojson-client@2.1.0 is part of a global install
457 silly linkStuff topojson-client@2.1.0 is installed into a global node_modules
458 verbose linkBins topojson-client@2.1.0
459 verbose link bins [ { topo2geo: 'bin/topo2geo',
459 verbose link bins     topomerge: 'bin/topomerge',
459 verbose link bins     topoquantize: 'bin/topoquantize' },
459 verbose link bins   '/usr/local/lib/node_modules/topojson/node_modules/.bin',
459 verbose link bins   false ]
460 verbose linkMans topojson-client@2.1.0
461 silly gentlyRm /usr/local/lib/node_modules/topojson/node_modules/.bin/topo2geo is being purged
462 verbose gentlyRm don't care about contents; nuking /usr/local/lib/node_modules/topojson/node_modules/.bin/topo2geo
463 silly gentlyRm /usr/local/lib/node_modules/topojson/node_modules/.bin/topomerge is being purged
464 verbose gentlyRm don't care about contents; nuking /usr/local/lib/node_modules/topojson/node_modules/.bin/topomerge
465 silly gentlyRm /usr/local/lib/node_modules/topojson/node_modules/.bin/topoquantize is being purged
466 verbose gentlyRm don't care about contents; nuking /usr/local/lib/node_modules/topojson/node_modules/.bin/topoquantize
467 silly build topojson-server@2.0.0
468 info linkStuff topojson-server@2.0.0
469 silly linkStuff topojson-server@2.0.0 has /usr/local/lib/node_modules/topojson/node_modules as its parent node_modules
470 silly linkStuff topojson-server@2.0.0 is part of a global install
471 silly linkStuff topojson-server@2.0.0 is installed into a global node_modules
472 verbose linkBins topojson-server@2.0.0
473 verbose link bins [ { geo2topo: 'bin/geo2topo' },
473 verbose link bins   '/usr/local/lib/node_modules/topojson/node_modules/.bin',
473 verbose link bins   false ]
474 verbose linkMans topojson-server@2.0.0
475 silly gentlyRm /usr/local/lib/node_modules/topojson/node_modules/.bin/geo2topo is being purged
476 verbose gentlyRm don't care about contents; nuking /usr/local/lib/node_modules/topojson/node_modules/.bin/geo2topo
477 silly build topojson-simplify@2.0.0
478 info linkStuff topojson-simplify@2.0.0
479 silly linkStuff topojson-simplify@2.0.0 has /usr/local/lib/node_modules/topojson/node_modules as its parent node_modules
480 silly linkStuff topojson-simplify@2.0.0 is part of a global install
481 silly linkStuff topojson-simplify@2.0.0 is installed into a global node_modules
482 verbose linkBins topojson-simplify@2.0.0
483 verbose link bins [ { toposimplify: 'bin/toposimplify' },
483 verbose link bins   '/usr/local/lib/node_modules/topojson/node_modules/.bin',
483 verbose link bins   false ]
484 verbose linkMans topojson-simplify@2.0.0
485 silly gentlyRm /usr/local/lib/node_modules/topojson/node_modules/.bin/toposimplify is being purged
486 verbose gentlyRm don't care about contents; nuking /usr/local/lib/node_modules/topojson/node_modules/.bin/toposimplify
487 silly build topojson@2.2.0
488 info linkStuff topojson@2.2.0
489 silly linkStuff topojson@2.2.0 has /usr/local/lib/node_modules as its parent node_modules
490 silly linkStuff topojson@2.2.0 is part of a global install
491 silly linkStuff topojson@2.2.0 is installed into a global node_modules
492 silly linkStuff topojson@2.2.0 is installed into the top-level global node_modules
493 verbose linkBins topojson@2.2.0
494 verbose link bins [ { geo2topo: 'node_modules/topojson-server/bin/geo2topo',
494 verbose link bins     toposimplify: 'node_modules/topojson-simplify/bin/toposimplify',
494 verbose link bins     topo2geo: 'node_modules/topojson-client/bin/topo2geo',
494 verbose link bins     topomerge: 'node_modules/topojson-client/bin/topomerge',
494 verbose link bins     topoquantize: 'node_modules/topojson-client/bin/topoquantize' },
494 verbose link bins   '/usr/local/bin',
494 verbose link bins   true ]
495 verbose linkMans topojson@2.2.0
496 silly gentlyRm /usr/local/bin/toposimplify is being gently removed
497 silly gentlyRm /usr/local/bin/topo2geo is being gently removed
498 silly gentlyRm /usr/local/bin/geo2topo is being gently removed
499 silly gentlyRm /usr/local/bin/topomerge is being gently removed
500 silly gentlyRm /usr/local/bin/topoquantize is being gently removed
501 silly gentlyRm parent.path = /usr/local
502 silly gentlyRm parent.managed = /usr/local is in /usr/local
503 silly gentlyRm target.path =  /usr/local/bin/geo2topo
504 silly gentlyRm target.symlink = ../lib/node_modules/topojson/bin/geo2topo
505 silly gentlyRm target.managed = false
506 silly gentlyRm target.inParent =  false
507 verbose unlock done using /home/josh/.npm/_locks/staging-3a08f0df5026584d.lock for /usr/local/lib/node_modules/.staging
508 silly rollbackFailedOptional Starting
509 silly rollbackFailedOptional Finishing
510 silly runTopLevelLifecycles Starting
511 silly runTopLevelLifecycles Finishing
512 silly install printInstalled
513 verbose stack Error: Refusing to delete /usr/local/bin/geo2topo: ../lib/node_modules/topojson/bin/geo2topo symlink target is not controlled by npm /usr/local
513 verbose stack     at clobberFail (/usr/share/npm/lib/utils/gently-rm.js:162:12)
513 verbose stack     at isSafeToRm (/usr/share/npm/lib/utils/gently-rm.js:152:15)
513 verbose stack     at /usr/share/npm/lib/utils/gently-rm.js:93:5
513 verbose stack     at LOOP (/usr/share/npm/node_modules/slide/lib/chain.js:7:26)
513 verbose stack     at /usr/share/npm/node_modules/slide/lib/chain.js:18:7
513 verbose stack     at skipENOENT (/usr/share/npm/lib/utils/gently-rm.js:174:38)
513 verbose stack     at /usr/share/npm/node_modules/iferr/index.js:11:16
513 verbose stack     at /usr/share/npm/node_modules/iferr/index.js:11:16
513 verbose stack     at /usr/share/npm/node_modules/iferr/index.js:11:16
513 verbose stack     at /usr/share/npm/node_modules/iferr/index.js:11:16
514 verbose cwd /home/josh/node/mapdata/public/ne_110m_land
515 error Linux 4.4.0-53-generic
516 error argv "/usr/bin/nodejs" "/usr/bin/npm" "install" "topojson" "-g"
517 error node v4.2.6
518 error npm  v3.5.2
519 error path /usr/local/bin/geo2topo
520 error code EEXIST
521 error Refusing to delete /usr/local/bin/geo2topo: ../lib/node_modules/topojson/bin/geo2topo symlink target is not controlled by npm /usr/local
522 error File exists: /usr/local/bin/geo2topo
523 error Move it away, and try again.
524 verbose exit [ 1, true ]
